2024-06-06 13:09:26,026 [Worker-6: Loading available Gradle versions] INFO  o.e.b.c.i.u.g.PublishedGradleVersions - Gradle version information cache is up-to-date. Trying to read.
2024-06-06 13:14:06,760 [Worker-2: Launching mavenrun-9526d202-8e66-4c6e-b8c9-4ebe87a364cb] INFO  o.eclipse.m2e.core.internal.Bundles - getClasspathEntries(Bundle=org.eclipse.m2e.maven.runtime_3.9.600.20231203-1234 [297])
2024-06-06 13:14:06,771 [Worker-2: Launching mavenrun-9526d202-8e66-4c6e-b8c9-4ebe87a364cb] INFO  o.eclipse.m2e.core.internal.Bundles - 	Entry: C:\Users\HARSHAD NIKATE\.p2\pool\plugins\org.eclipse.m2e.maven.runtime_3.9.600.20231203-1234
2024-06-06 13:14:06,773 [Worker-2: Launching mavenrun-9526d202-8e66-4c6e-b8c9-4ebe87a364cb] INFO  o.eclipse.m2e.core.internal.Bundles - 	Entry: C:\Users\HARSHAD NIKATE\.p2\pool\plugins\org.eclipse.m2e.maven.runtime_3.9.600.20231203-1234\jars\aopalliance-1.0.jar
2024-06-06 13:14:06,799 [Worker-2: Launching mavenrun-9526d202-8e66-4c6e-b8c9-4ebe87a364cb] INFO  o.eclipse.m2e.core.internal.Bundles - 	Entry: C:\Users\HARSHAD NIKATE\.p2\pool\plugins\org.eclipse.m2e.maven.runtime_3.9.600.20231203-1234\jars\guice-5.1.0.jar
2024-06-06 13:14:06,800 [Worker-2: Launching mavenrun-9526d202-8e66-4c6e-b8c9-4ebe87a364cb] INFO  o.eclipse.m2e.core.internal.Bundles - 	Entry: C:\Users\HARSHAD NIKATE\.p2\pool\plugins\org.eclipse.m2e.maven.runtime_3.9.600.20231203-1234\jars\httpclient-4.5.14.jar
2024-06-06 13:14:06,801 [Worker-2: Launching mavenrun-9526d202-8e66-4c6e-b8c9-4ebe87a364cb] INFO  o.eclipse.m2e.core.internal.Bundles - 	Entry: C:\Users\HARSHAD NIKATE\.p2\pool\plugins\org.eclipse.m2e.maven.runtime_3.9.600.20231203-1234\jars\httpcore-4.4.16.jar
2024-06-06 13:14:06,802 [Worker-2: Launching mavenrun-9526d202-8e66-4c6e-b8c9-4ebe87a364cb] INFO  o.eclipse.m2e.core.internal.Bundles - 	Entry: C:\Users\HARSHAD NIKATE\.p2\pool\plugins\org.eclipse.m2e.maven.runtime_3.9.600.20231203-1234\jars\jansi-2.4.0.jar
2024-06-06 13:14:06,804 [Worker-2: Launching mavenrun-9526d202-8e66-4c6e-b8c9-4ebe87a364cb] INFO  o.eclipse.m2e.core.internal.Bundles - 	Entry: C:\Users\HARSHAD NIKATE\.p2\pool\plugins\org.eclipse.m2e.maven.runtime_3.9.600.20231203-1234\jars\jcl-over-slf4j-1.7.36.jar
2024-06-06 13:14:06,805 [Worker-2: Launching mavenrun-9526d202-8e66-4c6e-b8c9-4ebe87a364cb] INFO  o.eclipse.m2e.core.internal.Bundles - 	Entry: C:\Users\HARSHAD NIKATE\.p2\pool\plugins\org.eclipse.m2e.maven.runtime_3.9.600.20231203-1234\jars\maven-artifact-3.9.6.jar
2024-06-06 13:14:06,807 [Worker-2: Launching mavenrun-9526d202-8e66-4c6e-b8c9-4ebe87a364cb] INFO  o.eclipse.m2e.core.internal.Bundles - 	Entry: C:\Users\HARSHAD NIKATE\.p2\pool\plugins\org.eclipse.m2e.maven.runtime_3.9.600.20231203-1234\jars\maven-builder-support-3.9.6.jar
2024-06-06 13:14:06,808 [Worker-2: Launching mavenrun-9526d202-8e66-4c6e-b8c9-4ebe87a364cb] INFO  o.eclipse.m2e.core.internal.Bundles - 	Entry: C:\Users\HARSHAD NIKATE\.p2\pool\plugins\org.eclipse.m2e.maven.runtime_3.9.600.20231203-1234\jars\maven-compat-3.9.6.jar
2024-06-06 13:14:06,809 [Worker-2: Launching mavenrun-9526d202-8e66-4c6e-b8c9-4ebe87a364cb] INFO  o.eclipse.m2e.core.internal.Bundles - 	Entry: C:\Users\HARSHAD NIKATE\.p2\pool\plugins\org.eclipse.m2e.maven.runtime_3.9.600.20231203-1234\jars\maven-core-3.9.6.jar
2024-06-06 13:14:06,810 [Worker-2: Launching mavenrun-9526d202-8e66-4c6e-b8c9-4ebe87a364cb] INFO  o.eclipse.m2e.core.internal.Bundles - 	Entry: C:\Users\HARSHAD NIKATE\.p2\pool\plugins\org.eclipse.m2e.maven.runtime_3.9.600.20231203-1234\jars\maven-embedder-3.9.6.jar
2024-06-06 13:14:06,811 [Worker-2: Launching mavenrun-9526d202-8e66-4c6e-b8c9-4ebe87a364cb] INFO  o.eclipse.m2e.core.internal.Bundles - 	Entry: C:\Users\HARSHAD NIKATE\.p2\pool\plugins\org.eclipse.m2e.maven.runtime_3.9.600.20231203-1234\jars\maven-model-3.9.6.jar
2024-06-06 13:14:06,813 [Worker-2: Launching mavenrun-9526d202-8e66-4c6e-b8c9-4ebe87a364cb] INFO  o.eclipse.m2e.core.internal.Bundles - 	Entry: C:\Users\HARSHAD NIKATE\.p2\pool\plugins\org.eclipse.m2e.maven.runtime_3.9.600.20231203-1234\jars\maven-model-builder-3.9.6.jar
2024-06-06 13:14:06,817 [Worker-2: Launching mavenrun-9526d202-8e66-4c6e-b8c9-4ebe87a364cb] INFO  o.eclipse.m2e.core.internal.Bundles - 	Entry: C:\Users\HARSHAD NIKATE\.p2\pool\plugins\org.eclipse.m2e.maven.runtime_3.9.600.20231203-1234\jars\maven-plugin-api-3.9.6.jar
2024-06-06 13:14:06,819 [Worker-2: Launching mavenrun-9526d202-8e66-4c6e-b8c9-4ebe87a364cb] INFO  o.eclipse.m2e.core.internal.Bundles - 	Entry: C:\Users\HARSHAD NIKATE\.p2\pool\plugins\org.eclipse.m2e.maven.runtime_3.9.600.20231203-1234\jars\maven-repository-metadata-3.9.6.jar
2024-06-06 13:14:06,821 [Worker-2: Launching mavenrun-9526d202-8e66-4c6e-b8c9-4ebe87a364cb] INFO  o.eclipse.m2e.core.internal.Bundles - 	Entry: C:\Users\HARSHAD NIKATE\.p2\pool\plugins\org.eclipse.m2e.maven.runtime_3.9.600.20231203-1234\jars\maven-resolver-api-1.9.18.jar
2024-06-06 13:14:06,822 [Worker-2: Launching mavenrun-9526d202-8e66-4c6e-b8c9-4ebe87a364cb] INFO  o.eclipse.m2e.core.internal.Bundles - 	Entry: C:\Users\HARSHAD NIKATE\.p2\pool\plugins\org.eclipse.m2e.maven.runtime_3.9.600.20231203-1234\jars\maven-resolver-connector-basic-1.9.18.jar
2024-06-06 13:14:06,823 [Worker-2: Launching mavenrun-9526d202-8e66-4c6e-b8c9-4ebe87a364cb] INFO  o.eclipse.m2e.core.internal.Bundles - 	Entry: C:\Users\HARSHAD NIKATE\.p2\pool\plugins\org.eclipse.m2e.maven.runtime_3.9.600.20231203-1234\jars\maven-resolver-impl-1.9.18.jar
2024-06-06 13:14:06,824 [Worker-2: Launching mavenrun-9526d202-8e66-4c6e-b8c9-4ebe87a364cb] INFO  o.eclipse.m2e.core.internal.Bundles - 	Entry: C:\Users\HARSHAD NIKATE\.p2\pool\plugins\org.eclipse.m2e.maven.runtime_3.9.600.20231203-1234\jars\maven-resolver-named-locks-1.9.18.jar
2024-06-06 13:14:06,826 [Worker-2: Launching mavenrun-9526d202-8e66-4c6e-b8c9-4ebe87a364cb] INFO  o.eclipse.m2e.core.internal.Bundles - 	Entry: C:\Users\HARSHAD NIKATE\.p2\pool\plugins\org.eclipse.m2e.maven.runtime_3.9.600.20231203-1234\jars\maven-resolver-provider-3.9.6.jar
2024-06-06 13:14:06,827 [Worker-2: Launching mavenrun-9526d202-8e66-4c6e-b8c9-4ebe87a364cb] INFO  o.eclipse.m2e.core.internal.Bundles - 	Entry: C:\Users\HARSHAD NIKATE\.p2\pool\plugins\org.eclipse.m2e.maven.runtime_3.9.600.20231203-1234\jars\maven-resolver-spi-1.9.18.jar
2024-06-06 13:14:06,828 [Worker-2: Launching mavenrun-9526d202-8e66-4c6e-b8c9-4ebe87a364cb] INFO  o.eclipse.m2e.core.internal.Bundles - 	Entry: C:\Users\HARSHAD NIKATE\.p2\pool\plugins\org.eclipse.m2e.maven.runtime_3.9.600.20231203-1234\jars\maven-resolver-transport-file-1.9.18.jar
2024-06-06 13:14:06,829 [Worker-2: Launching mavenrun-9526d202-8e66-4c6e-b8c9-4ebe87a364cb] INFO  o.eclipse.m2e.core.internal.Bundles - 	Entry: C:\Users\HARSHAD NIKATE\.p2\pool\plugins\org.eclipse.m2e.maven.runtime_3.9.600.20231203-1234\jars\maven-resolver-transport-http-1.9.18.jar
2024-06-06 13:14:06,830 [Worker-2: Launching mavenrun-9526d202-8e66-4c6e-b8c9-4ebe87a364cb] INFO  o.eclipse.m2e.core.internal.Bundles - 	Entry: C:\Users\HARSHAD NIKATE\.p2\pool\plugins\org.eclipse.m2e.maven.runtime_3.9.600.20231203-1234\jars\maven-resolver-transport-wagon-1.9.18.jar
2024-06-06 13:14:06,831 [Worker-2: Launching mavenrun-9526d202-8e66-4c6e-b8c9-4ebe87a364cb] INFO  o.eclipse.m2e.core.internal.Bundles - 	Entry: C:\Users\HARSHAD NIKATE\.p2\pool\plugins\org.eclipse.m2e.maven.runtime_3.9.600.20231203-1234\jars\maven-resolver-util-1.9.18.jar
2024-06-06 13:14:06,832 [Worker-2: Launching mavenrun-9526d202-8e66-4c6e-b8c9-4ebe87a364cb] INFO  o.eclipse.m2e.core.internal.Bundles - 	Entry: C:\Users\HARSHAD NIKATE\.p2\pool\plugins\org.eclipse.m2e.maven.runtime_3.9.600.20231203-1234\jars\maven-settings-3.9.6.jar
2024-06-06 13:14:06,833 [Worker-2: Launching mavenrun-9526d202-8e66-4c6e-b8c9-4ebe87a364cb] INFO  o.eclipse.m2e.core.internal.Bundles - 	Entry: C:\Users\HARSHAD NIKATE\.p2\pool\plugins\org.eclipse.m2e.maven.runtime_3.9.600.20231203-1234\jars\maven-settings-builder-3.9.6.jar
2024-06-06 13:14:06,834 [Worker-2: Launching mavenrun-9526d202-8e66-4c6e-b8c9-4ebe87a364cb] INFO  o.eclipse.m2e.core.internal.Bundles - 	Entry: C:\Users\HARSHAD NIKATE\.p2\pool\plugins\org.eclipse.m2e.maven.runtime_3.9.600.20231203-1234\jars\maven-shared-utils-3.3.4.jar
2024-06-06 13:14:06,835 [Worker-2: Launching mavenrun-9526d202-8e66-4c6e-b8c9-4ebe87a364cb] INFO  o.eclipse.m2e.core.internal.Bundles - 	Entry: C:\Users\HARSHAD NIKATE\.p2\pool\plugins\org.eclipse.m2e.maven.runtime_3.9.600.20231203-1234\jars\org.eclipse.sisu.inject-0.9.0.M2.jar
2024-06-06 13:14:06,836 [Worker-2: Launching mavenrun-9526d202-8e66-4c6e-b8c9-4ebe87a364cb] INFO  o.eclipse.m2e.core.internal.Bundles - 	Entry: C:\Users\HARSHAD NIKATE\.p2\pool\plugins\org.eclipse.m2e.maven.runtime_3.9.600.20231203-1234\jars\org.eclipse.sisu.plexus-0.9.0.M2.jar
2024-06-06 13:14:06,837 [Worker-2: Launching mavenrun-9526d202-8e66-4c6e-b8c9-4ebe87a364cb] INFO  o.eclipse.m2e.core.internal.Bundles - 	Entry: C:\Users\HARSHAD NIKATE\.p2\pool\plugins\org.eclipse.m2e.maven.runtime_3.9.600.20231203-1234\jars\plexus-build-api-0.0.7.jar
2024-06-06 13:14:06,839 [Worker-2: Launching mavenrun-9526d202-8e66-4c6e-b8c9-4ebe87a364cb] INFO  o.eclipse.m2e.core.internal.Bundles - 	Entry: C:\Users\HARSHAD NIKATE\.p2\pool\plugins\org.eclipse.m2e.maven.runtime_3.9.600.20231203-1234\jars\plexus-cipher-2.0.jar
2024-06-06 13:14:06,840 [Worker-2: Launching mavenrun-9526d202-8e66-4c6e-b8c9-4ebe87a364cb] INFO  o.eclipse.m2e.core.internal.Bundles - 	Entry: C:\Users\HARSHAD NIKATE\.p2\pool\plugins\org.eclipse.m2e.maven.runtime_3.9.600.20231203-1234\jars\plexus-classworlds-2.7.0.jar
2024-06-06 13:14:06,841 [Worker-2: Launching mavenrun-9526d202-8e66-4c6e-b8c9-4ebe87a364cb] INFO  o.eclipse.m2e.core.internal.Bundles - 	Entry: C:\Users\HARSHAD NIKATE\.p2\pool\plugins\org.eclipse.m2e.maven.runtime_3.9.600.20231203-1234\jars\plexus-component-annotations-2.1.0.jar
2024-06-06 13:14:06,842 [Worker-2: Launching mavenrun-9526d202-8e66-4c6e-b8c9-4ebe87a364cb] INFO  o.eclipse.m2e.core.internal.Bundles - 	Entry: C:\Users\HARSHAD NIKATE\.p2\pool\plugins\org.eclipse.m2e.maven.runtime_3.9.600.20231203-1234\jars\plexus-interpolation-1.26.jar
2024-06-06 13:14:06,843 [Worker-2: Launching mavenrun-9526d202-8e66-4c6e-b8c9-4ebe87a364cb] INFO  o.eclipse.m2e.core.internal.Bundles - 	Entry: C:\Users\HARSHAD NIKATE\.p2\pool\plugins\org.eclipse.m2e.maven.runtime_3.9.600.20231203-1234\jars\plexus-sec-dispatcher-2.0.jar
2024-06-06 13:14:06,844 [Worker-2: Launching mavenrun-9526d202-8e66-4c6e-b8c9-4ebe87a364cb] INFO  o.eclipse.m2e.core.internal.Bundles - 	Entry: C:\Users\HARSHAD NIKATE\.p2\pool\plugins\org.eclipse.m2e.maven.runtime_3.9.600.20231203-1234\jars\plexus-utils-3.5.1.jar
2024-06-06 13:14:06,845 [Worker-2: Launching mavenrun-9526d202-8e66-4c6e-b8c9-4ebe87a364cb] INFO  o.eclipse.m2e.core.internal.Bundles - 	Entry: C:\Users\HARSHAD NIKATE\.p2\pool\plugins\org.eclipse.m2e.maven.runtime_3.9.600.20231203-1234\jars\wagon-file-3.5.3.jar
2024-06-06 13:14:06,848 [Worker-2: Launching mavenrun-9526d202-8e66-4c6e-b8c9-4ebe87a364cb] INFO  o.eclipse.m2e.core.internal.Bundles - 	Entry: C:\Users\HARSHAD NIKATE\.p2\pool\plugins\org.eclipse.m2e.maven.runtime_3.9.600.20231203-1234\jars\wagon-http-3.5.3.jar
2024-06-06 13:14:06,849 [Worker-2: Launching mavenrun-9526d202-8e66-4c6e-b8c9-4ebe87a364cb] INFO  o.eclipse.m2e.core.internal.Bundles - 	Entry: C:\Users\HARSHAD NIKATE\.p2\pool\plugins\org.eclipse.m2e.maven.runtime_3.9.600.20231203-1234\jars\wagon-http-shared-3.5.3.jar
2024-06-06 13:14:06,851 [Worker-2: Launching mavenrun-9526d202-8e66-4c6e-b8c9-4ebe87a364cb] INFO  o.eclipse.m2e.core.internal.Bundles - 	Entry: C:\Users\HARSHAD NIKATE\.p2\pool\plugins\org.eclipse.m2e.maven.runtime_3.9.600.20231203-1234\jars\wagon-provider-api-3.5.3.jar
2024-06-06 13:14:06,858 [Worker-2: Launching mavenrun-9526d202-8e66-4c6e-b8c9-4ebe87a364cb] INFO  o.eclipse.m2e.core.internal.Bundles - getClasspathEntries(Bundle=com.google.guava_33.0.0.jre [10])
2024-06-06 13:14:06,860 [Worker-2: Launching mavenrun-9526d202-8e66-4c6e-b8c9-4ebe87a364cb] INFO  o.eclipse.m2e.core.internal.Bundles - 	Entry: C:\Users\HARSHAD NIKATE\.p2\pool\plugins\com.google.guava_33.0.0.jre.jar
2024-06-06 13:14:06,861 [Worker-2: Launching mavenrun-9526d202-8e66-4c6e-b8c9-4ebe87a364cb] INFO  o.eclipse.m2e.core.internal.Bundles - getClasspathEntries(Bundle=slf4j.api_2.0.12 [519])
2024-06-06 13:14:06,862 [Worker-2: Launching mavenrun-9526d202-8e66-4c6e-b8c9-4ebe87a364cb] INFO  o.eclipse.m2e.core.internal.Bundles - 	Entry: C:\Users\HARSHAD NIKATE\.p2\pool\plugins\slf4j.api_2.0.12.jar
2024-06-06 13:14:06,863 [Worker-2: Launching mavenrun-9526d202-8e66-4c6e-b8c9-4ebe87a364cb] INFO  o.eclipse.m2e.core.internal.Bundles - getClasspathEntries(Bundle=jakarta.inject.jakarta.inject-api_1.0.5 [22])
2024-06-06 13:14:06,865 [Worker-2: Launching mavenrun-9526d202-8e66-4c6e-b8c9-4ebe87a364cb] INFO  o.eclipse.m2e.core.internal.Bundles - 	Entry: C:\Users\HARSHAD NIKATE\.p2\pool\plugins\jakarta.inject.jakarta.inject-api_1.0.5.jar
2024-06-06 13:14:06,865 [Worker-2: Launching mavenrun-9526d202-8e66-4c6e-b8c9-4ebe87a364cb] INFO  o.eclipse.m2e.core.internal.Bundles - getClasspathEntries(Bundle=jakarta.annotation-api_1.3.5 [20])
2024-06-06 13:14:06,867 [Worker-2: Launching mavenrun-9526d202-8e66-4c6e-b8c9-4ebe87a364cb] INFO  o.eclipse.m2e.core.internal.Bundles - 	Entry: C:\Users\HARSHAD NIKATE\.p2\pool\plugins\jakarta.annotation-api_1.3.5.jar
2024-06-06 13:14:06,868 [Worker-2: Launching mavenrun-9526d202-8e66-4c6e-b8c9-4ebe87a364cb] INFO  o.eclipse.m2e.core.internal.Bundles - getClasspathEntries(Bundle=org.apache.commons.cli_1.6.0 [46])
2024-06-06 13:14:06,874 [Worker-2: Launching mavenrun-9526d202-8e66-4c6e-b8c9-4ebe87a364cb] INFO  o.eclipse.m2e.core.internal.Bundles - 	Entry: C:\Users\HARSHAD NIKATE\.p2\pool\plugins\org.apache.commons.cli_1.6.0.jar
2024-06-06 13:14:06,875 [Worker-2: Launching mavenrun-9526d202-8e66-4c6e-b8c9-4ebe87a364cb] INFO  o.eclipse.m2e.core.internal.Bundles - getClasspathEntries(Bundle=org.apache.commons.commons-codec_1.16.0 [47])
2024-06-06 13:14:06,878 [Worker-2: Launching mavenrun-9526d202-8e66-4c6e-b8c9-4ebe87a364cb] INFO  o.eclipse.m2e.core.internal.Bundles - 	Entry: C:\Users\HARSHAD NIKATE\.p2\pool\plugins\org.apache.commons.commons-codec_1.16.0.jar
2024-06-06 13:14:06,879 [Worker-2: Launching mavenrun-9526d202-8e66-4c6e-b8c9-4ebe87a364cb] INFO  o.eclipse.m2e.core.internal.Bundles - getClasspathEntries(Bundle=org.apache.commons.lang3_3.14.0 [53])
2024-06-06 13:14:06,881 [Worker-2: Launching mavenrun-9526d202-8e66-4c6e-b8c9-4ebe87a364cb] INFO  o.eclipse.m2e.core.internal.Bundles - 	Entry: C:\Users\HARSHAD NIKATE\.p2\pool\plugins\org.apache.commons.lang3_3.14.0.jar
2024-06-06 13:14:06,882 [Worker-2: Launching mavenrun-9526d202-8e66-4c6e-b8c9-4ebe87a364cb] INFO  o.eclipse.m2e.core.internal.Bundles - getClasspathEntries(Bundle=com.google.guava.failureaccess_1.0.2 [11])
2024-06-06 13:14:06,884 [Worker-2: Launching mavenrun-9526d202-8e66-4c6e-b8c9-4ebe87a364cb] INFO  o.eclipse.m2e.core.internal.Bundles - 	Entry: C:\Users\HARSHAD NIKATE\.p2\pool\plugins\com.google.guava.failureaccess_1.0.2.jar
2024-06-06 13:14:06,934 [Worker-2: Launching mavenrun-9526d202-8e66-4c6e-b8c9-4ebe87a364cb] INFO  o.e.m.i.launch.MavenLaunchDelegate - Run build in "C:\Users\HARSHA~1\AppData\Local\Temp\m2e-archetypeGenerator7584789873175348665":
2024-06-06 13:14:06,950 [Worker-2: Launching mavenrun-9526d202-8e66-4c6e-b8c9-4ebe87a364cb] INFO  o.e.m.i.launch.MavenLaunchDelegate -  mvn  -DarchetypeGroupId=org.apache.maven.archetypes -DarchetypeArtifactId=maven-archetype-quickstart -DarchetypeVersion=1.4 -DgroupId=lcp -DartifactId=LetCodePractise -Dversion=0.0.1-SNAPSHOT -Dpackage=lpack -DoutputDirectory="C:\Users\HARSHAD NIKATE\eclipse-workspace\WeekendAutomationChallenge" -Dstyle.color=always -U archetype:generate
2024-06-06 13:15:18,371 [Worker-9: Creating maven-archetype-quickstart] INFO  o.e.m.c.i.p.ProjectConfigurationManager - Collecting project info '/pom.xml' C:\Users\HARSHAD NIKATE\eclipse-workspace\WeekendAutomationChallenge\LetCodePractise\pom.xml
2024-06-06 13:15:22,888 [Worker-9: Creating maven-archetype-quickstart] INFO  o.e.m.c.i.l.LifecycleMappingFactory - Using org.eclipse.m2e.jdt.JarLifecycleMapping lifecycle mapping for MavenProject: lcp:LetCodePractise:0.0.1-SNAPSHOT @ C:\Users\HARSHAD NIKATE\eclipse-workspace\WeekendAutomationChallenge\LetCodePractise\pom.xml.
2024-06-06 13:15:25,747 [Worker-9: Creating maven-archetype-quickstart] INFO  o.e.m.j.i.AbstractJavaProjectConfigurator - Adding source folder /LetCodePractise/src/main/java
2024-06-06 13:15:25,759 [Worker-9: Creating maven-archetype-quickstart] INFO  o.e.m.j.i.AbstractJavaProjectConfigurator - Adding resource folder /LetCodePractise/src/main/resources
2024-06-06 13:15:25,783 [Worker-9: Creating maven-archetype-quickstart] INFO  o.e.m.j.i.AbstractJavaProjectConfigurator - Adding source folder /LetCodePractise/src/test/java
2024-06-06 13:15:25,789 [Worker-9: Creating maven-archetype-quickstart] INFO  o.e.m.j.i.AbstractJavaProjectConfigurator - Adding resource folder /LetCodePractise/src/test/resources
2024-06-06 13:15:26,281 [Worker-9: Creating maven-archetype-quickstart] INFO  o.e.m.c.i.p.ProjectConfigurationManager - Imported and configured 1 project(s) in 7 sec
2024-06-06 13:15:29,362 [Worker-11: Building] INFO  o.e.m.c.i.embedder.EclipseLogger - Using 'UTF-8' encoding to copy filtered resources.
2024-06-06 13:15:29,363 [Worker-11: Building] INFO  o.e.m.c.i.embedder.EclipseLogger - skip non existing resourceDirectory C:\Users\HARSHAD NIKATE\eclipse-workspace\WeekendAutomationChallenge\LetCodePractise\src\main\resources
2024-06-06 13:15:29,382 [Worker-11: Building] INFO  o.e.m.c.i.embedder.EclipseLogger - Using 'UTF-8' encoding to copy filtered resources.
2024-06-06 13:15:29,382 [Worker-11: Building] INFO  o.e.m.c.i.embedder.EclipseLogger - skip non existing resourceDirectory C:\Users\HARSHAD NIKATE\eclipse-workspace\WeekendAutomationChallenge\LetCodePractise\src\test\resources
2024-06-06 13:16:21,550 [Worker-2: Building] INFO  o.e.m.c.i.embedder.EclipseLogger - Using 'UTF-8' encoding to copy filtered resources.
2024-06-06 13:16:21,552 [Worker-2: Building] INFO  o.e.m.c.i.embedder.EclipseLogger - skip non existing resourceDirectory C:\Users\HARSHAD NIKATE\eclipse-workspace\WeekendAutomationChallenge\LetCodePractise\src\main\resources
2024-06-06 13:16:21,566 [Worker-2: Building] INFO  o.e.m.c.i.embedder.EclipseLogger - Using 'UTF-8' encoding to copy filtered resources.
2024-06-06 13:16:21,566 [Worker-2: Building] INFO  o.e.m.c.i.embedder.EclipseLogger - skip non existing resourceDirectory C:\Users\HARSHAD NIKATE\eclipse-workspace\WeekendAutomationChallenge\LetCodePractise\src\test\resources
2024-06-06 13:16:28,438 [Worker-15: Building] INFO  o.e.m.c.i.embedder.EclipseLogger - Using 'UTF-8' encoding to copy filtered resources.
2024-06-06 13:16:28,438 [Worker-15: Building] INFO  o.e.m.c.i.embedder.EclipseLogger - skip non existing resourceDirectory C:\Users\HARSHAD NIKATE\eclipse-workspace\WeekendAutomationChallenge\LetCodePractise\src\main\resources
2024-06-06 13:16:28,455 [Worker-15: Building] INFO  o.e.m.c.i.embedder.EclipseLogger - Using 'UTF-8' encoding to copy filtered resources.
2024-06-06 13:16:28,456 [Worker-15: Building] INFO  o.e.m.c.i.embedder.EclipseLogger - skip non existing resourceDirectory C:\Users\HARSHAD NIKATE\eclipse-workspace\WeekendAutomationChallenge\LetCodePractise\src\test\resources
2024-06-06 13:21:14,361 [Worker-18: Building] INFO  o.e.m.c.i.l.LifecycleMappingFactory - Using org.eclipse.m2e.jdt.JarLifecycleMapping lifecycle mapping for MavenProject: lcp:LetCodePractise:0.0.1-SNAPSHOT @ C:\Users\HARSHAD NIKATE\eclipse-workspace\WeekendAutomationChallenge\LetCodePractise\pom.xml.
2024-06-06 13:21:14,721 [Worker-18: Building] INFO  o.e.m.c.i.e.AbstractTransferListenerAdapter - Downloading https://repo.maven.apache.org/maven2/org/seleniumhq/selenium/selenium-java/4.21.0/selenium-java-4.21.0.pom
2024-06-06 13:21:14,784 [Worker-18: Building] INFO  o.e.m.c.i.e.AbstractTransferListenerAdapter - Downloaded https://repo.maven.apache.org/maven2/org/seleniumhq/selenium/selenium-java/4.21.0/selenium-java-4.21.0.pom
2024-06-06 13:21:14,867 [Worker-18: Building] INFO  o.e.m.c.i.e.AbstractTransferListenerAdapter - Downloading https://repo.maven.apache.org/maven2/org/seleniumhq/selenium/selenium-api/4.21.0/selenium-api-4.21.0.pom
2024-06-06 13:21:14,892 [Worker-18: Building] INFO  o.e.m.c.i.e.AbstractTransferListenerAdapter - Downloaded https://repo.maven.apache.org/maven2/org/seleniumhq/selenium/selenium-api/4.21.0/selenium-api-4.21.0.pom
2024-06-06 13:21:14,935 [Worker-18: Building] INFO  o.e.m.c.i.e.AbstractTransferListenerAdapter - Downloading https://repo.maven.apache.org/maven2/org/seleniumhq/selenium/selenium-chrome-driver/4.21.0/selenium-chrome-driver-4.21.0.pom
2024-06-06 13:21:14,961 [Worker-18: Building] INFO  o.e.m.c.i.e.AbstractTransferListenerAdapter - Downloaded https://repo.maven.apache.org/maven2/org/seleniumhq/selenium/selenium-chrome-driver/4.21.0/selenium-chrome-driver-4.21.0.pom
2024-06-06 13:21:15,070 [Worker-18: Building] INFO  o.e.m.c.i.e.AbstractTransferListenerAdapter - Downloading https://repo.maven.apache.org/maven2/org/seleniumhq/selenium/selenium-chromium-driver/4.21.0/selenium-chromium-driver-4.21.0.pom
2024-06-06 13:21:15,094 [Worker-18: Building] INFO  o.e.m.c.i.e.AbstractTransferListenerAdapter - Downloaded https://repo.maven.apache.org/maven2/org/seleniumhq/selenium/selenium-chromium-driver/4.21.0/selenium-chromium-driver-4.21.0.pom
2024-06-06 13:21:15,159 [Worker-18: Building] INFO  o.e.m.c.i.e.AbstractTransferListenerAdapter - Downloading https://repo.maven.apache.org/maven2/org/seleniumhq/selenium/selenium-json/4.21.0/selenium-json-4.21.0.pom
2024-06-06 13:21:15,185 [Worker-18: Building] INFO  o.e.m.c.i.e.AbstractTransferListenerAdapter - Downloaded https://repo.maven.apache.org/maven2/org/seleniumhq/selenium/selenium-json/4.21.0/selenium-json-4.21.0.pom
2024-06-06 13:21:15,255 [Worker-18: Building] INFO  o.e.m.c.i.e.AbstractTransferListenerAdapter - Downloading https://repo.maven.apache.org/maven2/org/seleniumhq/selenium/selenium-remote-driver/4.21.0/selenium-remote-driver-4.21.0.pom
2024-06-06 13:21:15,290 [Worker-18: Building] INFO  o.e.m.c.i.e.AbstractTransferListenerAdapter - Downloaded https://repo.maven.apache.org/maven2/org/seleniumhq/selenium/selenium-remote-driver/4.21.0/selenium-remote-driver-4.21.0.pom
2024-06-06 13:21:15,338 [Worker-18: Building] INFO  o.e.m.c.i.e.AbstractTransferListenerAdapter - Downloading https://repo.maven.apache.org/maven2/com/google/guava/guava/33.2.0-jre/guava-33.2.0-jre.pom
2024-06-06 13:21:15,364 [Worker-18: Building] INFO  o.e.m.c.i.e.AbstractTransferListenerAdapter - Downloaded https://repo.maven.apache.org/maven2/com/google/guava/guava/33.2.0-jre/guava-33.2.0-jre.pom
2024-06-06 13:21:15,434 [Worker-18: Building] INFO  o.e.m.c.i.e.AbstractTransferListenerAdapter - Downloading https://repo.maven.apache.org/maven2/com/google/guava/guava-parent/33.2.0-jre/guava-parent-33.2.0-jre.pom
2024-06-06 13:21:15,474 [Worker-18: Building] INFO  o.e.m.c.i.e.AbstractTransferListenerAdapter - Downloaded https://repo.maven.apache.org/maven2/com/google/guava/guava-parent/33.2.0-jre/guava-parent-33.2.0-jre.pom
2024-06-06 13:21:15,657 [Worker-18: Building] INFO  o.e.m.c.i.e.AbstractTransferListenerAdapter - Downloading https://repo.maven.apache.org/maven2/io/opentelemetry/opentelemetry-api/1.38.0/opentelemetry-api-1.38.0.pom
2024-06-06 13:21:15,684 [Worker-18: Building] INFO  o.e.m.c.i.e.AbstractTransferListenerAdapter - Downloaded https://repo.maven.apache.org/maven2/io/opentelemetry/opentelemetry-api/1.38.0/opentelemetry-api-1.38.0.pom
2024-06-06 13:21:15,745 [Worker-18: Building] INFO  o.e.m.c.i.e.AbstractTransferListenerAdapter - Downloading https://repo.maven.apache.org/maven2/io/opentelemetry/opentelemetry-context/1.38.0/opentelemetry-context-1.38.0.pom
2024-06-06 13:21:15,768 [Worker-18: Building] INFO  o.e.m.c.i.e.AbstractTransferListenerAdapter - Downloaded https://repo.maven.apache.org/maven2/io/opentelemetry/opentelemetry-context/1.38.0/opentelemetry-context-1.38.0.pom
2024-06-06 13:21:15,806 [Worker-18: Building] INFO  o.e.m.c.i.e.AbstractTransferListenerAdapter - Downloading https://repo.maven.apache.org/maven2/io/opentelemetry/opentelemetry-exporter-logging/1.38.0/opentelemetry-exporter-logging-1.38.0.pom
2024-06-06 13:21:15,836 [Worker-18: Building] INFO  o.e.m.c.i.e.AbstractTransferListenerAdapter - Downloaded https://repo.maven.apache.org/maven2/io/opentelemetry/opentelemetry-exporter-logging/1.38.0/opentelemetry-exporter-logging-1.38.0.pom
2024-06-06 13:21:15,899 [Worker-18: Building] INFO  o.e.m.c.i.e.AbstractTransferListenerAdapter - Downloading https://repo.maven.apache.org/maven2/io/opentelemetry/opentelemetry-sdk/1.38.0/opentelemetry-sdk-1.38.0.pom
2024-06-06 13:21:15,923 [Worker-18: Building] INFO  o.e.m.c.i.e.AbstractTransferListenerAdapter - Downloaded https://repo.maven.apache.org/maven2/io/opentelemetry/opentelemetry-sdk/1.38.0/opentelemetry-sdk-1.38.0.pom
2024-06-06 13:21:15,973 [Worker-18: Building] INFO  o.e.m.c.i.e.AbstractTransferListenerAdapter - Downloading https://repo.maven.apache.org/maven2/io/opentelemetry/opentelemetry-sdk-common/1.38.0/opentelemetry-sdk-common-1.38.0.pom
2024-06-06 13:21:15,998 [Worker-18: Building] INFO  o.e.m.c.i.e.AbstractTransferListenerAdapter - Downloaded https://repo.maven.apache.org/maven2/io/opentelemetry/opentelemetry-sdk-common/1.38.0/opentelemetry-sdk-common-1.38.0.pom
2024-06-06 13:21:16,075 [Worker-18: Building] INFO  o.e.m.c.i.e.AbstractTransferListenerAdapter - Downloading https://repo.maven.apache.org/maven2/io/opentelemetry/opentelemetry-sdk-trace/1.38.0/opentelemetry-sdk-trace-1.38.0.pom
2024-06-06 13:21:16,096 [Worker-18: Building] INFO  o.e.m.c.i.e.AbstractTransferListenerAdapter - Downloaded https://repo.maven.apache.org/maven2/io/opentelemetry/opentelemetry-sdk-trace/1.38.0/opentelemetry-sdk-trace-1.38.0.pom
2024-06-06 13:21:16,150 [Worker-18: Building] INFO  o.e.m.c.i.e.AbstractTransferListenerAdapter - Downloading https://repo.maven.apache.org/maven2/io/opentelemetry/opentelemetry-sdk-metrics/1.38.0/opentelemetry-sdk-metrics-1.38.0.pom
2024-06-06 13:21:16,174 [Worker-18: Building] INFO  o.e.m.c.i.e.AbstractTransferListenerAdapter - Downloaded https://repo.maven.apache.org/maven2/io/opentelemetry/opentelemetry-sdk-metrics/1.38.0/opentelemetry-sdk-metrics-1.38.0.pom
2024-06-06 13:21:16,211 [Worker-18: Building] INFO  o.e.m.c.i.e.AbstractTransferListenerAdapter - Downloading https://repo.maven.apache.org/maven2/io/opentelemetry/opentelemetry-api-incubator/1.38.0-alpha/opentelemetry-api-incubator-1.38.0-alpha.pom
2024-06-06 13:21:16,236 [Worker-18: Building] INFO  o.e.m.c.i.e.AbstractTransferListenerAdapter - Downloaded https://repo.maven.apache.org/maven2/io/opentelemetry/opentelemetry-api-incubator/1.38.0-alpha/opentelemetry-api-incubator-1.38.0-alpha.pom
2024-06-06 13:21:16,300 [Worker-18: Building] INFO  o.e.m.c.i.e.AbstractTransferListenerAdapter - Downloading https://repo.maven.apache.org/maven2/io/opentelemetry/opentelemetry-sdk-logs/1.38.0/opentelemetry-sdk-logs-1.38.0.pom
2024-06-06 13:21:16,328 [Worker-18: Building] INFO  o.e.m.c.i.e.AbstractTransferListenerAdapter - Downloaded https://repo.maven.apache.org/maven2/io/opentelemetry/opentelemetry-sdk-logs/1.38.0/opentelemetry-sdk-logs-1.38.0.pom
2024-06-06 13:21:16,383 [Worker-18: Building] INFO  o.e.m.c.i.e.AbstractTransferListenerAdapter - Downloading https://repo.maven.apache.org/maven2/io/opentelemetry/opentelemetry-sdk-extension-autoconfigure-spi/1.38.0/opentelemetry-sdk-extension-autoconfigure-spi-1.38.0.pom
2024-06-06 13:21:16,407 [Worker-18: Building] INFO  o.e.m.c.i.e.AbstractTransferListenerAdapter - Downloaded https://repo.maven.apache.org/maven2/io/opentelemetry/opentelemetry-sdk-extension-autoconfigure-spi/1.38.0/opentelemetry-sdk-extension-autoconfigure-spi-1.38.0.pom
2024-06-06 13:21:16,467 [Worker-18: Building] INFO  o.e.m.c.i.e.AbstractTransferListenerAdapter - Downloading https://repo.maven.apache.org/maven2/io/opentelemetry/opentelemetry-sdk-extension-autoconfigure/1.38.0/opentelemetry-sdk-extension-autoconfigure-1.38.0.pom
2024-06-06 13:21:16,493 [Worker-18: Building] INFO  o.e.m.c.i.e.AbstractTransferListenerAdapter - Downloaded https://repo.maven.apache.org/maven2/io/opentelemetry/opentelemetry-sdk-extension-autoconfigure/1.38.0/opentelemetry-sdk-extension-autoconfigure-1.38.0.pom
2024-06-06 13:21:16,560 [Worker-18: Building] INFO  o.e.m.c.i.e.AbstractTransferListenerAdapter - Downloading https://repo.maven.apache.org/maven2/net/bytebuddy/byte-buddy/1.14.15/byte-buddy-1.14.15.pom
2024-06-06 13:21:16,625 [Worker-18: Building] INFO  o.e.m.c.i.e.AbstractTransferListenerAdapter - Downloaded https://repo.maven.apache.org/maven2/net/bytebuddy/byte-buddy/1.14.15/byte-buddy-1.14.15.pom
2024-06-06 13:21:16,686 [Worker-18: Building] INFO  o.e.m.c.i.e.AbstractTransferListenerAdapter - Downloading https://repo.maven.apache.org/maven2/net/bytebuddy/byte-buddy-parent/1.14.15/byte-buddy-parent-1.14.15.pom
2024-06-06 13:21:16,720 [Worker-18: Building] INFO  o.e.m.c.i.e.AbstractTransferListenerAdapter - Downloaded https://repo.maven.apache.org/maven2/net/bytebuddy/byte-buddy-parent/1.14.15/byte-buddy-parent-1.14.15.pom
2024-06-06 13:21:16,782 [Worker-18: Building] INFO  o.e.m.c.i.e.AbstractTransferListenerAdapter - Downloading https://repo.maven.apache.org/maven2/org/seleniumhq/selenium/selenium-http/4.21.0/selenium-http-4.21.0.pom
2024-06-06 13:21:16,807 [Worker-18: Building] INFO  o.e.m.c.i.e.AbstractTransferListenerAdapter - Downloaded https://repo.maven.apache.org/maven2/org/seleniumhq/selenium/selenium-http/4.21.0/selenium-http-4.21.0.pom
2024-06-06 13:21:16,867 [Worker-18: Building] INFO  o.e.m.c.i.e.AbstractTransferListenerAdapter - Downloading https://repo.maven.apache.org/maven2/org/seleniumhq/selenium/selenium-manager/4.21.0/selenium-manager-4.21.0.pom
2024-06-06 13:21:16,910 [Worker-18: Building] INFO  o.e.m.c.i.e.AbstractTransferListenerAdapter - Downloaded https://repo.maven.apache.org/maven2/org/seleniumhq/selenium/selenium-manager/4.21.0/selenium-manager-4.21.0.pom
2024-06-06 13:21:16,957 [Worker-18: Building] INFO  o.e.m.c.i.e.AbstractTransferListenerAdapter - Downloading https://repo.maven.apache.org/maven2/org/seleniumhq/selenium/selenium-os/4.21.0/selenium-os-4.21.0.pom
2024-06-06 13:21:16,980 [Worker-18: Building] INFO  o.e.m.c.i.e.AbstractTransferListenerAdapter - Downloaded https://repo.maven.apache.org/maven2/org/seleniumhq/selenium/selenium-os/4.21.0/selenium-os-4.21.0.pom
2024-06-06 13:21:17,091 [Worker-18: Building] INFO  o.e.m.c.i.e.AbstractTransferListenerAdapter - Downloading https://repo.maven.apache.org/maven2/org/seleniumhq/selenium/selenium-devtools-v123/4.21.0/selenium-devtools-v123-4.21.0.pom
2024-06-06 13:21:17,117 [Worker-18: Building] INFO  o.e.m.c.i.e.AbstractTransferListenerAdapter - Downloaded https://repo.maven.apache.org/maven2/org/seleniumhq/selenium/selenium-devtools-v123/4.21.0/selenium-devtools-v123-4.21.0.pom
2024-06-06 13:21:17,159 [Worker-18: Building] INFO  o.e.m.c.i.e.AbstractTransferListenerAdapter - Downloading https://repo.maven.apache.org/maven2/org/seleniumhq/selenium/selenium-devtools-v124/4.21.0/selenium-devtools-v124-4.21.0.pom
2024-06-06 13:21:17,182 [Worker-18: Building] INFO  o.e.m.c.i.e.AbstractTransferListenerAdapter - Downloaded https://repo.maven.apache.org/maven2/org/seleniumhq/selenium/selenium-devtools-v124/4.21.0/selenium-devtools-v124-4.21.0.pom
2024-06-06 13:21:17,230 [Worker-18: Building] INFO  o.e.m.c.i.e.AbstractTransferListenerAdapter - Downloading https://repo.maven.apache.org/maven2/org/seleniumhq/selenium/selenium-devtools-v125/4.21.0/selenium-devtools-v125-4.21.0.pom
2024-06-06 13:21:17,253 [Worker-18: Building] INFO  o.e.m.c.i.e.AbstractTransferListenerAdapter - Downloaded https://repo.maven.apache.org/maven2/org/seleniumhq/selenium/selenium-devtools-v125/4.21.0/selenium-devtools-v125-4.21.0.pom
2024-06-06 13:21:17,319 [Worker-18: Building] INFO  o.e.m.c.i.e.AbstractTransferListenerAdapter - Downloading https://repo.maven.apache.org/maven2/org/seleniumhq/selenium/selenium-devtools-v85/4.21.0/selenium-devtools-v85-4.21.0.pom
2024-06-06 13:21:17,341 [Worker-18: Building] INFO  o.e.m.c.i.e.AbstractTransferListenerAdapter - Downloaded https://repo.maven.apache.org/maven2/org/seleniumhq/selenium/selenium-devtools-v85/4.21.0/selenium-devtools-v85-4.21.0.pom
2024-06-06 13:21:17,378 [Worker-18: Building] INFO  o.e.m.c.i.e.AbstractTransferListenerAdapter - Downloading https://repo.maven.apache.org/maven2/org/seleniumhq/selenium/selenium-edge-driver/4.21.0/selenium-edge-driver-4.21.0.pom
2024-06-06 13:21:17,400 [Worker-18: Building] INFO  o.e.m.c.i.e.AbstractTransferListenerAdapter - Downloaded https://repo.maven.apache.org/maven2/org/seleniumhq/selenium/selenium-edge-driver/4.21.0/selenium-edge-driver-4.21.0.pom
2024-06-06 13:21:17,460 [Worker-18: Building] INFO  o.e.m.c.i.e.AbstractTransferListenerAdapter - Downloading https://repo.maven.apache.org/maven2/org/seleniumhq/selenium/selenium-firefox-driver/4.21.0/selenium-firefox-driver-4.21.0.pom
2024-06-06 13:21:17,483 [Worker-18: Building] INFO  o.e.m.c.i.e.AbstractTransferListenerAdapter - Downloaded https://repo.maven.apache.org/maven2/org/seleniumhq/selenium/selenium-firefox-driver/4.21.0/selenium-firefox-driver-4.21.0.pom
2024-06-06 13:21:17,543 [Worker-18: Building] INFO  o.e.m.c.i.e.AbstractTransferListenerAdapter - Downloading https://repo.maven.apache.org/maven2/org/seleniumhq/selenium/selenium-ie-driver/4.21.0/selenium-ie-driver-4.21.0.pom
2024-06-06 13:21:17,568 [Worker-18: Building] INFO  o.e.m.c.i.e.AbstractTransferListenerAdapter - Downloaded https://repo.maven.apache.org/maven2/org/seleniumhq/selenium/selenium-ie-driver/4.21.0/selenium-ie-driver-4.21.0.pom
2024-06-06 13:21:17,605 [Worker-18: Building] INFO  o.e.m.c.i.e.AbstractTransferListenerAdapter - Downloading https://repo.maven.apache.org/maven2/org/seleniumhq/selenium/selenium-safari-driver/4.21.0/selenium-safari-driver-4.21.0.pom
2024-06-06 13:21:17,627 [Worker-18: Building] INFO  o.e.m.c.i.e.AbstractTransferListenerAdapter - Downloaded https://repo.maven.apache.org/maven2/org/seleniumhq/selenium/selenium-safari-driver/4.21.0/selenium-safari-driver-4.21.0.pom
2024-06-06 13:21:17,681 [Worker-18: Building] INFO  o.e.m.c.i.e.AbstractTransferListenerAdapter - Downloading https://repo.maven.apache.org/maven2/org/seleniumhq/selenium/selenium-support/4.21.0/selenium-support-4.21.0.pom
2024-06-06 13:21:17,704 [Worker-18: Building] INFO  o.e.m.c.i.e.AbstractTransferListenerAdapter - Downloaded https://repo.maven.apache.org/maven2/org/seleniumhq/selenium/selenium-support/4.21.0/selenium-support-4.21.0.pom
2024-06-06 13:21:17,953 [Worker-18: Building] INFO  o.e.m.c.i.e.AbstractTransferListenerAdapter - Downloading https://repo.maven.apache.org/maven2/org/seleniumhq/selenium/selenium-java/4.21.0/selenium-java-4.21.0.jar
2024-06-06 13:21:17,974 [Worker-18: Building] INFO  o.e.m.c.i.e.AbstractTransferListenerAdapter - Downloaded https://repo.maven.apache.org/maven2/org/seleniumhq/selenium/selenium-java/4.21.0/selenium-java-4.21.0.jar
2024-06-06 13:21:18,009 [BasicRepositoryConnector-repo.maven.apache.org-0-0] INFO  o.e.m.c.i.e.AbstractTransferListenerAdapter - Downloading https://repo.maven.apache.org/maven2/org/seleniumhq/selenium/selenium-api/4.21.0/selenium-api-4.21.0.jar
2024-06-06 13:21:18,082 [BasicRepositoryConnector-repo.maven.apache.org-0-3] INFO  o.e.m.c.i.e.AbstractTransferListenerAdapter - Downloading https://repo.maven.apache.org/maven2/org/seleniumhq/selenium/selenium-json/4.21.0/selenium-json-4.21.0.jar
2024-06-06 13:21:18,090 [BasicRepositoryConnector-repo.maven.apache.org-0-1] INFO  o.e.m.c.i.e.AbstractTransferListenerAdapter - Downloading https://repo.maven.apache.org/maven2/org/seleniumhq/selenium/selenium-chrome-driver/4.21.0/selenium-chrome-driver-4.21.0.jar
2024-06-06 13:21:18,124 [BasicRepositoryConnector-repo.maven.apache.org-0-1] INFO  o.e.m.c.i.e.AbstractTransferListenerAdapter - Downloaded https://repo.maven.apache.org/maven2/org/seleniumhq/selenium/selenium-chrome-driver/4.21.0/selenium-chrome-driver-4.21.0.jar
2024-06-06 13:21:18,143 [BasicRepositoryConnector-repo.maven.apache.org-0-1] INFO  o.e.m.c.i.e.AbstractTransferListenerAdapter - Downloading https://repo.maven.apache.org/maven2/org/seleniumhq/selenium/selenium-devtools-v123/4.21.0/selenium-devtools-v123-4.21.0.jar
2024-06-06 13:21:18,146 [BasicRepositoryConnector-repo.maven.apache.org-0-3] INFO  o.e.m.c.i.e.AbstractTransferListenerAdapter - Downloaded https://repo.maven.apache.org/maven2/org/seleniumhq/selenium/selenium-json/4.21.0/selenium-json-4.21.0.jar
2024-06-06 13:21:18,159 [BasicRepositoryConnector-repo.maven.apache.org-0-0] INFO  o.e.m.c.i.e.AbstractTransferListenerAdapter - Downloaded https://repo.maven.apache.org/maven2/org/seleniumhq/selenium/selenium-api/4.21.0/selenium-api-4.21.0.jar
2024-06-06 13:21:18,190 [BasicRepositoryConnector-repo.maven.apache.org-0-3] INFO  o.e.m.c.i.e.AbstractTransferListenerAdapter - Downloading https://repo.maven.apache.org/maven2/org/seleniumhq/selenium/selenium-devtools-v124/4.21.0/selenium-devtools-v124-4.21.0.jar
2024-06-06 13:21:18,196 [BasicRepositoryConnector-repo.maven.apache.org-0-0] INFO  o.e.m.c.i.e.AbstractTransferListenerAdapter - Downloading https://repo.maven.apache.org/maven2/org/seleniumhq/selenium/selenium-devtools-v125/4.21.0/selenium-devtools-v125-4.21.0.jar
2024-06-06 13:21:18,506 [BasicRepositoryConnector-repo.maven.apache.org-0-4] INFO  o.e.m.c.i.e.AbstractTransferListenerAdapter - Downloading https://repo.maven.apache.org/maven2/org/seleniumhq/selenium/selenium-manager/4.21.0/selenium-manager-4.21.0.jar
2024-06-06 13:21:18,506 [BasicRepositoryConnector-repo.maven.apache.org-0-2] INFO  o.e.m.c.i.e.AbstractTransferListenerAdapter - Downloading https://repo.maven.apache.org/maven2/org/seleniumhq/selenium/selenium-chromium-driver/4.21.0/selenium-chromium-driver-4.21.0.jar
2024-06-06 13:21:18,624 [BasicRepositoryConnector-repo.maven.apache.org-0-2] INFO  o.e.m.c.i.e.AbstractTransferListenerAdapter - Downloaded https://repo.maven.apache.org/maven2/org/seleniumhq/selenium/selenium-chromium-driver/4.21.0/selenium-chromium-driver-4.21.0.jar
2024-06-06 13:21:18,759 [BasicRepositoryConnector-repo.maven.apache.org-0-2] INFO  o.e.m.c.i.e.AbstractTransferListenerAdapter - Downloading https://repo.maven.apache.org/maven2/org/seleniumhq/selenium/selenium-devtools-v85/4.21.0/selenium-devtools-v85-4.21.0.jar
2024-06-06 13:21:19,663 [BasicRepositoryConnector-repo.maven.apache.org-0-3] INFO  o.e.m.c.i.e.AbstractTransferListenerAdapter - Downloaded https://repo.maven.apache.org/maven2/org/seleniumhq/selenium/selenium-devtools-v124/4.21.0/selenium-devtools-v124-4.21.0.jar
2024-06-06 13:21:19,761 [BasicRepositoryConnector-repo.maven.apache.org-0-3] INFO  o.e.m.c.i.e.AbstractTransferListenerAdapter - Downloading https://repo.maven.apache.org/maven2/org/seleniumhq/selenium/selenium-edge-driver/4.21.0/selenium-edge-driver-4.21.0.jar
2024-06-06 13:21:19,783 [BasicRepositoryConnector-repo.maven.apache.org-0-3] INFO  o.e.m.c.i.e.AbstractTransferListenerAdapter - Downloaded https://repo.maven.apache.org/maven2/org/seleniumhq/selenium/selenium-edge-driver/4.21.0/selenium-edge-driver-4.21.0.jar
2024-06-06 13:21:19,896 [BasicRepositoryConnector-repo.maven.apache.org-0-3] INFO  o.e.m.c.i.e.AbstractTransferListenerAdapter - Downloading https://repo.maven.apache.org/maven2/org/seleniumhq/selenium/selenium-firefox-driver/4.21.0/selenium-firefox-driver-4.21.0.jar
2024-06-06 13:21:20,091 [BasicRepositoryConnector-repo.maven.apache.org-0-3] INFO  o.e.m.c.i.e.AbstractTransferListenerAdapter - Downloaded https://repo.maven.apache.org/maven2/org/seleniumhq/selenium/selenium-firefox-driver/4.21.0/selenium-firefox-driver-4.21.0.jar
2024-06-06 13:21:20,150 [BasicRepositoryConnector-repo.maven.apache.org-0-1] INFO  o.e.m.c.i.e.AbstractTransferListenerAdapter - Downloaded https://repo.maven.apache.org/maven2/org/seleniumhq/selenium/selenium-devtools-v123/4.21.0/selenium-devtools-v123-4.21.0.jar
2024-06-06 13:21:20,166 [BasicRepositoryConnector-repo.maven.apache.org-0-3] INFO  o.e.m.c.i.e.AbstractTransferListenerAdapter - Downloading https://repo.maven.apache.org/maven2/org/seleniumhq/selenium/selenium-http/4.21.0/selenium-http-4.21.0.jar
2024-06-06 13:21:20,286 [BasicRepositoryConnector-repo.maven.apache.org-0-2] INFO  o.e.m.c.i.e.AbstractTransferListenerAdapter - Downloaded https://repo.maven.apache.org/maven2/org/seleniumhq/selenium/selenium-devtools-v85/4.21.0/selenium-devtools-v85-4.21.0.jar
2024-06-06 13:21:20,288 [BasicRepositoryConnector-repo.maven.apache.org-0-1] INFO  o.e.m.c.i.e.AbstractTransferListenerAdapter - Downloading https://repo.maven.apache.org/maven2/org/seleniumhq/selenium/selenium-ie-driver/4.21.0/selenium-ie-driver-4.21.0.jar
2024-06-06 13:21:20,309 [BasicRepositoryConnector-repo.maven.apache.org-0-3] INFO  o.e.m.c.i.e.AbstractTransferListenerAdapter - Downloaded https://repo.maven.apache.org/maven2/org/seleniumhq/selenium/selenium-http/4.21.0/selenium-http-4.21.0.jar
2024-06-06 13:21:20,344 [BasicRepositoryConnector-repo.maven.apache.org-0-2] INFO  o.e.m.c.i.e.AbstractTransferListenerAdapter - Downloading https://repo.maven.apache.org/maven2/org/seleniumhq/selenium/selenium-remote-driver/4.21.0/selenium-remote-driver-4.21.0.jar
2024-06-06 13:21:20,357 [BasicRepositoryConnector-repo.maven.apache.org-0-1] INFO  o.e.m.c.i.e.AbstractTransferListenerAdapter - Downloaded https://repo.maven.apache.org/maven2/org/seleniumhq/selenium/selenium-ie-driver/4.21.0/selenium-ie-driver-4.21.0.jar
2024-06-06 13:21:20,361 [BasicRepositoryConnector-repo.maven.apache.org-0-3] INFO  o.e.m.c.i.e.AbstractTransferListenerAdapter - Downloading https://repo.maven.apache.org/maven2/com/google/guava/guava/33.2.0-jre/guava-33.2.0-jre.jar
2024-06-06 13:21:20,376 [BasicRepositoryConnector-repo.maven.apache.org-0-1] INFO  o.e.m.c.i.e.AbstractTransferListenerAdapter - Downloading https://repo.maven.apache.org/maven2/io/opentelemetry/opentelemetry-api/1.38.0/opentelemetry-api-1.38.0.jar
2024-06-06 13:21:20,380 [BasicRepositoryConnector-repo.maven.apache.org-0-0] INFO  o.e.m.c.i.e.AbstractTransferListenerAdapter - Downloaded https://repo.maven.apache.org/maven2/org/seleniumhq/selenium/selenium-devtools-v125/4.21.0/selenium-devtools-v125-4.21.0.jar
2024-06-06 13:21:20,419 [BasicRepositoryConnector-repo.maven.apache.org-0-0] INFO  o.e.m.c.i.e.AbstractTransferListenerAdapter - Downloading https://repo.maven.apache.org/maven2/io/opentelemetry/opentelemetry-context/1.38.0/opentelemetry-context-1.38.0.jar
2024-06-06 13:21:20,728 [BasicRepositoryConnector-repo.maven.apache.org-0-1] INFO  o.e.m.c.i.e.AbstractTransferListenerAdapter - Downloaded https://repo.maven.apache.org/maven2/io/opentelemetry/opentelemetry-api/1.38.0/opentelemetry-api-1.38.0.jar
2024-06-06 13:21:20,752 [BasicRepositoryConnector-repo.maven.apache.org-0-1] INFO  o.e.m.c.i.e.AbstractTransferListenerAdapter - Downloading https://repo.maven.apache.org/maven2/io/opentelemetry/opentelemetry-exporter-logging/1.38.0/opentelemetry-exporter-logging-1.38.0.jar
2024-06-06 13:21:20,777 [BasicRepositoryConnector-repo.maven.apache.org-0-2] INFO  o.e.m.c.i.e.AbstractTransferListenerAdapter - Downloaded https://repo.maven.apache.org/maven2/org/seleniumhq/selenium/selenium-remote-driver/4.21.0/selenium-remote-driver-4.21.0.jar
2024-06-06 13:21:20,804 [BasicRepositoryConnector-repo.maven.apache.org-0-1] INFO  o.e.m.c.i.e.AbstractTransferListenerAdapter - Downloaded https://repo.maven.apache.org/maven2/io/opentelemetry/opentelemetry-exporter-logging/1.38.0/opentelemetry-exporter-logging-1.38.0.jar
2024-06-06 13:21:20,827 [BasicRepositoryConnector-repo.maven.apache.org-0-2] INFO  o.e.m.c.i.e.AbstractTransferListenerAdapter - Downloading https://repo.maven.apache.org/maven2/io/opentelemetry/opentelemetry-sdk-common/1.38.0/opentelemetry-sdk-common-1.38.0.jar
2024-06-06 13:21:20,831 [BasicRepositoryConnector-repo.maven.apache.org-0-1] INFO  o.e.m.c.i.e.AbstractTransferListenerAdapter - Downloading https://repo.maven.apache.org/maven2/io/opentelemetry/opentelemetry-sdk-extension-autoconfigure-spi/1.38.0/opentelemetry-sdk-extension-autoconfigure-spi-1.38.0.jar
2024-06-06 13:21:20,855 [BasicRepositoryConnector-repo.maven.apache.org-0-2] INFO  o.e.m.c.i.e.AbstractTransferListenerAdapter - Downloaded https://repo.maven.apache.org/maven2/io/opentelemetry/opentelemetry-sdk-common/1.38.0/opentelemetry-sdk-common-1.38.0.jar
2024-06-06 13:21:20,877 [BasicRepositoryConnector-repo.maven.apache.org-0-2] INFO  o.e.m.c.i.e.AbstractTransferListenerAdapter - Downloading https://repo.maven.apache.org/maven2/io/opentelemetry/opentelemetry-sdk-extension-autoconfigure/1.38.0/opentelemetry-sdk-extension-autoconfigure-1.38.0.jar
2024-06-06 13:21:20,894 [BasicRepositoryConnector-repo.maven.apache.org-0-1] INFO  o.e.m.c.i.e.AbstractTransferListenerAdapter - Downloaded https://repo.maven.apache.org/maven2/io/opentelemetry/opentelemetry-sdk-extension-autoconfigure-spi/1.38.0/opentelemetry-sdk-extension-autoconfigure-spi-1.38.0.jar
2024-06-06 13:21:20,906 [BasicRepositoryConnector-repo.maven.apache.org-0-2] INFO  o.e.m.c.i.e.AbstractTransferListenerAdapter - Downloaded https://repo.maven.apache.org/maven2/io/opentelemetry/opentelemetry-sdk-extension-autoconfigure/1.38.0/opentelemetry-sdk-extension-autoconfigure-1.38.0.jar
2024-06-06 13:21:20,918 [BasicRepositoryConnector-repo.maven.apache.org-0-1] INFO  o.e.m.c.i.e.AbstractTransferListenerAdapter - Downloading https://repo.maven.apache.org/maven2/io/opentelemetry/opentelemetry-api-incubator/1.38.0-alpha/opentelemetry-api-incubator-1.38.0-alpha.jar
2024-06-06 13:21:20,920 [BasicRepositoryConnector-repo.maven.apache.org-0-2] INFO  o.e.m.c.i.e.AbstractTransferListenerAdapter - Downloading https://repo.maven.apache.org/maven2/io/opentelemetry/opentelemetry-sdk-trace/1.38.0/opentelemetry-sdk-trace-1.38.0.jar
2024-06-06 13:21:20,946 [BasicRepositoryConnector-repo.maven.apache.org-0-1] INFO  o.e.m.c.i.e.AbstractTransferListenerAdapter - Downloaded https://repo.maven.apache.org/maven2/io/opentelemetry/opentelemetry-api-incubator/1.38.0-alpha/opentelemetry-api-incubator-1.38.0-alpha.jar
2024-06-06 13:21:20,971 [BasicRepositoryConnector-repo.maven.apache.org-0-1] INFO  o.e.m.c.i.e.AbstractTransferListenerAdapter - Downloading https://repo.maven.apache.org/maven2/io/opentelemetry/opentelemetry-sdk/1.38.0/opentelemetry-sdk-1.38.0.jar
2024-06-06 13:21:20,991 [BasicRepositoryConnector-repo.maven.apache.org-0-1] INFO  o.e.m.c.i.e.AbstractTransferListenerAdapter - Downloaded https://repo.maven.apache.org/maven2/io/opentelemetry/opentelemetry-sdk/1.38.0/opentelemetry-sdk-1.38.0.jar
2024-06-06 13:21:21,060 [BasicRepositoryConnector-repo.maven.apache.org-0-1] INFO  o.e.m.c.i.e.AbstractTransferListenerAdapter - Downloading https://repo.maven.apache.org/maven2/io/opentelemetry/opentelemetry-sdk-metrics/1.38.0/opentelemetry-sdk-metrics-1.38.0.jar
2024-06-06 13:21:21,090 [BasicRepositoryConnector-repo.maven.apache.org-0-2] INFO  o.e.m.c.i.e.AbstractTransferListenerAdapter - Downloaded https://repo.maven.apache.org/maven2/io/opentelemetry/opentelemetry-sdk-trace/1.38.0/opentelemetry-sdk-trace-1.38.0.jar
2024-06-06 13:21:21,157 [BasicRepositoryConnector-repo.maven.apache.org-0-2] INFO  o.e.m.c.i.e.AbstractTransferListenerAdapter - Downloading https://repo.maven.apache.org/maven2/io/opentelemetry/opentelemetry-sdk-logs/1.38.0/opentelemetry-sdk-logs-1.38.0.jar
2024-06-06 13:21:21,180 [BasicRepositoryConnector-repo.maven.apache.org-0-0] INFO  o.e.m.c.i.e.AbstractTransferListenerAdapter - Downloaded https://repo.maven.apache.org/maven2/io/opentelemetry/opentelemetry-context/1.38.0/opentelemetry-context-1.38.0.jar
2024-06-06 13:21:21,211 [BasicRepositoryConnector-repo.maven.apache.org-0-0] INFO  o.e.m.c.i.e.AbstractTransferListenerAdapter - Downloading https://repo.maven.apache.org/maven2/net/bytebuddy/byte-buddy/1.14.15/byte-buddy-1.14.15.jar
2024-06-06 13:21:21,231 [BasicRepositoryConnector-repo.maven.apache.org-0-2] INFO  o.e.m.c.i.e.AbstractTransferListenerAdapter - Downloaded https://repo.maven.apache.org/maven2/io/opentelemetry/opentelemetry-sdk-logs/1.38.0/opentelemetry-sdk-logs-1.38.0.jar
2024-06-06 13:21:21,252 [BasicRepositoryConnector-repo.maven.apache.org-0-2] INFO  o.e.m.c.i.e.AbstractTransferListenerAdapter - Downloading https://repo.maven.apache.org/maven2/org/seleniumhq/selenium/selenium-os/4.21.0/selenium-os-4.21.0.jar
2024-06-06 13:21:21,260 [BasicRepositoryConnector-repo.maven.apache.org-0-1] INFO  o.e.m.c.i.e.AbstractTransferListenerAdapter - Downloaded https://repo.maven.apache.org/maven2/io/opentelemetry/opentelemetry-sdk-metrics/1.38.0/opentelemetry-sdk-metrics-1.38.0.jar
2024-06-06 13:21:21,304 [BasicRepositoryConnector-repo.maven.apache.org-0-2] INFO  o.e.m.c.i.e.AbstractTransferListenerAdapter - Downloaded https://repo.maven.apache.org/maven2/org/seleniumhq/selenium/selenium-os/4.21.0/selenium-os-4.21.0.jar
2024-06-06 13:21:21,326 [BasicRepositoryConnector-repo.maven.apache.org-0-1] INFO  o.e.m.c.i.e.AbstractTransferListenerAdapter - Downloading https://repo.maven.apache.org/maven2/org/seleniumhq/selenium/selenium-safari-driver/4.21.0/selenium-safari-driver-4.21.0.jar
2024-06-06 13:21:21,334 [BasicRepositoryConnector-repo.maven.apache.org-0-2] INFO  o.e.m.c.i.e.AbstractTransferListenerAdapter - Downloading https://repo.maven.apache.org/maven2/org/seleniumhq/selenium/selenium-support/4.21.0/selenium-support-4.21.0.jar
2024-06-06 13:21:21,358 [BasicRepositoryConnector-repo.maven.apache.org-0-1] INFO  o.e.m.c.i.e.AbstractTransferListenerAdapter - Downloaded https://repo.maven.apache.org/maven2/org/seleniumhq/selenium/selenium-safari-driver/4.21.0/selenium-safari-driver-4.21.0.jar
2024-06-06 13:21:21,523 [BasicRepositoryConnector-repo.maven.apache.org-0-2] INFO  o.e.m.c.i.e.AbstractTransferListenerAdapter - Downloaded https://repo.maven.apache.org/maven2/org/seleniumhq/selenium/selenium-support/4.21.0/selenium-support-4.21.0.jar
2024-06-06 13:21:23,281 [BasicRepositoryConnector-repo.maven.apache.org-0-3] INFO  o.e.m.c.i.e.AbstractTransferListenerAdapter - Downloaded https://repo.maven.apache.org/maven2/com/google/guava/guava/33.2.0-jre/guava-33.2.0-jre.jar
2024-06-06 13:21:24,413 [BasicRepositoryConnector-repo.maven.apache.org-0-0] INFO  o.e.m.c.i.e.AbstractTransferListenerAdapter - Downloaded https://repo.maven.apache.org/maven2/net/bytebuddy/byte-buddy/1.14.15/byte-buddy-1.14.15.jar
2024-06-06 13:21:24,741 [BasicRepositoryConnector-repo.maven.apache.org-0-4] INFO  o.e.m.c.i.e.AbstractTransferListenerAdapter - Downloaded https://repo.maven.apache.org/maven2/org/seleniumhq/selenium/selenium-manager/4.21.0/selenium-manager-4.21.0.jar
2024-06-06 13:21:26,543 [Worker-8: Download sources and javadoc] INFO  o.e.m.c.i.e.AbstractTransferListenerAdapter - Downloading https://repo.maven.apache.org/maven2/org/seleniumhq/selenium/selenium-java/4.21.0/selenium-java-4.21.0-sources.jar
2024-06-06 13:21:26,565 [Worker-8: Download sources and javadoc] INFO  o.e.m.c.i.e.AbstractTransferListenerAdapter - Downloaded https://repo.maven.apache.org/maven2/org/seleniumhq/selenium/selenium-java/4.21.0/selenium-java-4.21.0-sources.jar
2024-06-06 13:21:26,582 [Worker-8: Download sources and javadoc] INFO  o.e.m.j.internal.DownloadSourcesJob - Downloaded sources for org.seleniumhq.selenium:selenium-java:4.21.0
2024-06-06 13:21:26,723 [Worker-8: Download sources and javadoc] INFO  o.e.m.c.i.e.AbstractTransferListenerAdapter - Downloading https://repo.maven.apache.org/maven2/org/seleniumhq/selenium/selenium-api/4.21.0/selenium-api-4.21.0-sources.jar
2024-06-06 13:21:26,773 [Worker-18: Building] INFO  o.e.m.c.i.embedder.EclipseLogger - Using 'UTF-8' encoding to copy filtered resources.
2024-06-06 13:21:26,774 [Worker-18: Building] INFO  o.e.m.c.i.embedder.EclipseLogger - skip non existing resourceDirectory C:\Users\HARSHAD NIKATE\eclipse-workspace\WeekendAutomationChallenge\LetCodePractise\src\main\resources
2024-06-06 13:21:26,807 [Worker-8: Download sources and javadoc] INFO  o.e.m.c.i.e.AbstractTransferListenerAdapter - Downloaded https://repo.maven.apache.org/maven2/org/seleniumhq/selenium/selenium-api/4.21.0/selenium-api-4.21.0-sources.jar
2024-06-06 13:21:26,827 [Worker-18: Building] INFO  o.e.m.c.i.embedder.EclipseLogger - Using 'UTF-8' encoding to copy filtered resources.
2024-06-06 13:21:26,828 [Worker-18: Building] INFO  o.e.m.c.i.embedder.EclipseLogger - skip non existing resourceDirectory C:\Users\HARSHAD NIKATE\eclipse-workspace\WeekendAutomationChallenge\LetCodePractise\src\test\resources
2024-06-06 13:21:26,835 [Worker-8: Download sources and javadoc] INFO  o.e.m.j.internal.DownloadSourcesJob - Downloaded sources for org.seleniumhq.selenium:selenium-api:4.21.0
2024-06-06 13:21:26,949 [Worker-8: Download sources and javadoc] INFO  o.e.m.c.i.e.AbstractTransferListenerAdapter - Downloading https://repo.maven.apache.org/maven2/org/seleniumhq/selenium/selenium-chrome-driver/4.21.0/selenium-chrome-driver-4.21.0-sources.jar
2024-06-06 13:21:26,976 [Worker-8: Download sources and javadoc] INFO  o.e.m.c.i.e.AbstractTransferListenerAdapter - Downloaded https://repo.maven.apache.org/maven2/org/seleniumhq/selenium/selenium-chrome-driver/4.21.0/selenium-chrome-driver-4.21.0-sources.jar
2024-06-06 13:21:26,994 [Worker-8: Download sources and javadoc] INFO  o.e.m.j.internal.DownloadSourcesJob - Downloaded sources for org.seleniumhq.selenium:selenium-chrome-driver:4.21.0
2024-06-06 13:21:27,166 [Worker-8: Download sources and javadoc] INFO  o.e.m.c.i.e.AbstractTransferListenerAdapter - Downloading https://repo.maven.apache.org/maven2/org/seleniumhq/selenium/selenium-chromium-driver/4.21.0/selenium-chromium-driver-4.21.0-sources.jar
2024-06-06 13:21:27,193 [Worker-8: Download sources and javadoc] INFO  o.e.m.c.i.e.AbstractTransferListenerAdapter - Downloaded https://repo.maven.apache.org/maven2/org/seleniumhq/selenium/selenium-chromium-driver/4.21.0/selenium-chromium-driver-4.21.0-sources.jar
2024-06-06 13:21:27,211 [Worker-8: Download sources and javadoc] INFO  o.e.m.j.internal.DownloadSourcesJob - Downloaded sources for org.seleniumhq.selenium:selenium-chromium-driver:4.21.0
2024-06-06 13:21:27,311 [Worker-8: Download sources and javadoc] INFO  o.e.m.c.i.e.AbstractTransferListenerAdapter - Downloading https://repo.maven.apache.org/maven2/org/seleniumhq/selenium/selenium-json/4.21.0/selenium-json-4.21.0-sources.jar
2024-06-06 13:21:27,346 [Worker-8: Download sources and javadoc] INFO  o.e.m.c.i.e.AbstractTransferListenerAdapter - Downloaded https://repo.maven.apache.org/maven2/org/seleniumhq/selenium/selenium-json/4.21.0/selenium-json-4.21.0-sources.jar
2024-06-06 13:21:27,363 [Worker-8: Download sources and javadoc] INFO  o.e.m.j.internal.DownloadSourcesJob - Downloaded sources for org.seleniumhq.selenium:selenium-json:4.21.0
2024-06-06 13:21:27,450 [Worker-8: Download sources and javadoc] INFO  o.e.m.c.i.e.AbstractTransferListenerAdapter - Downloading https://repo.maven.apache.org/maven2/org/seleniumhq/selenium/selenium-manager/4.21.0/selenium-manager-4.21.0-sources.jar
2024-06-06 13:21:27,475 [Worker-8: Download sources and javadoc] INFO  o.e.m.c.i.e.AbstractTransferListenerAdapter - Downloaded https://repo.maven.apache.org/maven2/org/seleniumhq/selenium/selenium-manager/4.21.0/selenium-manager-4.21.0-sources.jar
2024-06-06 13:21:27,492 [Worker-8: Download sources and javadoc] INFO  o.e.m.j.internal.DownloadSourcesJob - Downloaded sources for org.seleniumhq.selenium:selenium-manager:4.21.0
2024-06-06 13:21:27,581 [Worker-8: Download sources and javadoc] INFO  o.e.m.c.i.e.AbstractTransferListenerAdapter - Downloading https://repo.maven.apache.org/maven2/org/seleniumhq/selenium/selenium-devtools-v123/4.21.0/selenium-devtools-v123-4.21.0-sources.jar
2024-06-06 13:21:27,911 [Worker-8: Download sources and javadoc] INFO  o.e.m.c.i.e.AbstractTransferListenerAdapter - Downloaded https://repo.maven.apache.org/maven2/org/seleniumhq/selenium/selenium-devtools-v123/4.21.0/selenium-devtools-v123-4.21.0-sources.jar
2024-06-06 13:21:27,986 [Worker-8: Download sources and javadoc] INFO  o.e.m.j.internal.DownloadSourcesJob - Downloaded sources for org.seleniumhq.selenium:selenium-devtools-v123:4.21.0
2024-06-06 13:21:28,089 [Worker-8: Download sources and javadoc] INFO  o.e.m.c.i.e.AbstractTransferListenerAdapter - Downloading https://repo.maven.apache.org/maven2/org/seleniumhq/selenium/selenium-devtools-v124/4.21.0/selenium-devtools-v124-4.21.0-sources.jar
2024-06-06 13:21:28,325 [Worker-8: Download sources and javadoc] INFO  o.e.m.c.i.e.AbstractTransferListenerAdapter - Downloaded https://repo.maven.apache.org/maven2/org/seleniumhq/selenium/selenium-devtools-v124/4.21.0/selenium-devtools-v124-4.21.0-sources.jar
2024-06-06 13:21:28,342 [Worker-8: Download sources and javadoc] INFO  o.e.m.j.internal.DownloadSourcesJob - Downloaded sources for org.seleniumhq.selenium:selenium-devtools-v124:4.21.0
2024-06-06 13:21:28,456 [Worker-8: Download sources and javadoc] INFO  o.e.m.c.i.e.AbstractTransferListenerAdapter - Downloading https://repo.maven.apache.org/maven2/org/seleniumhq/selenium/selenium-devtools-v125/4.21.0/selenium-devtools-v125-4.21.0-sources.jar
2024-06-06 13:21:28,765 [Worker-8: Download sources and javadoc] INFO  o.e.m.c.i.e.AbstractTransferListenerAdapter - Downloaded https://repo.maven.apache.org/maven2/org/seleniumhq/selenium/selenium-devtools-v125/4.21.0/selenium-devtools-v125-4.21.0-sources.jar
2024-06-06 13:21:29,206 [Worker-8: Download sources and javadoc] INFO  o.e.m.j.internal.DownloadSourcesJob - Downloaded sources for org.seleniumhq.selenium:selenium-devtools-v125:4.21.0
2024-06-06 13:21:29,339 [Worker-8: Download sources and javadoc] INFO  o.e.m.c.i.e.AbstractTransferListenerAdapter - Downloading https://repo.maven.apache.org/maven2/org/seleniumhq/selenium/selenium-devtools-v85/4.21.0/selenium-devtools-v85-4.21.0-sources.jar
2024-06-06 13:21:29,831 [Worker-8: Download sources and javadoc] INFO  o.e.m.c.i.e.AbstractTransferListenerAdapter - Downloaded https://repo.maven.apache.org/maven2/org/seleniumhq/selenium/selenium-devtools-v85/4.21.0/selenium-devtools-v85-4.21.0-sources.jar
2024-06-06 13:21:29,889 [Worker-8: Download sources and javadoc] INFO  o.e.m.j.internal.DownloadSourcesJob - Downloaded sources for org.seleniumhq.selenium:selenium-devtools-v85:4.21.0
2024-06-06 13:21:30,052 [Worker-8: Download sources and javadoc] INFO  o.e.m.c.i.e.AbstractTransferListenerAdapter - Downloading https://repo.maven.apache.org/maven2/org/seleniumhq/selenium/selenium-edge-driver/4.21.0/selenium-edge-driver-4.21.0-sources.jar
2024-06-06 13:21:30,080 [Worker-8: Download sources and javadoc] INFO  o.e.m.c.i.e.AbstractTransferListenerAdapter - Downloaded https://repo.maven.apache.org/maven2/org/seleniumhq/selenium/selenium-edge-driver/4.21.0/selenium-edge-driver-4.21.0-sources.jar
2024-06-06 13:21:30,099 [Worker-8: Download sources and javadoc] INFO  o.e.m.j.internal.DownloadSourcesJob - Downloaded sources for org.seleniumhq.selenium:selenium-edge-driver:4.21.0
2024-06-06 13:21:30,206 [Worker-8: Download sources and javadoc] INFO  o.e.m.c.i.e.AbstractTransferListenerAdapter - Downloading https://repo.maven.apache.org/maven2/org/seleniumhq/selenium/selenium-firefox-driver/4.21.0/selenium-firefox-driver-4.21.0-sources.jar
2024-06-06 13:21:30,264 [Worker-8: Download sources and javadoc] INFO  o.e.m.c.i.e.AbstractTransferListenerAdapter - Downloaded https://repo.maven.apache.org/maven2/org/seleniumhq/selenium/selenium-firefox-driver/4.21.0/selenium-firefox-driver-4.21.0-sources.jar
2024-06-06 13:21:30,281 [Worker-8: Download sources and javadoc] INFO  o.e.m.j.internal.DownloadSourcesJob - Downloaded sources for org.seleniumhq.selenium:selenium-firefox-driver:4.21.0
2024-06-06 13:21:30,431 [Worker-8: Download sources and javadoc] INFO  o.e.m.c.i.e.AbstractTransferListenerAdapter - Downloading https://repo.maven.apache.org/maven2/org/seleniumhq/selenium/selenium-http/4.21.0/selenium-http-4.21.0-sources.jar
2024-06-06 13:21:30,486 [Worker-8: Download sources and javadoc] INFO  o.e.m.c.i.e.AbstractTransferListenerAdapter - Downloaded https://repo.maven.apache.org/maven2/org/seleniumhq/selenium/selenium-http/4.21.0/selenium-http-4.21.0-sources.jar
2024-06-06 13:21:30,505 [Worker-8: Download sources and javadoc] INFO  o.e.m.j.internal.DownloadSourcesJob - Downloaded sources for org.seleniumhq.selenium:selenium-http:4.21.0
2024-06-06 13:21:30,602 [Worker-8: Download sources and javadoc] INFO  o.e.m.c.i.e.AbstractTransferListenerAdapter - Downloading https://repo.maven.apache.org/maven2/org/seleniumhq/selenium/selenium-ie-driver/4.21.0/selenium-ie-driver-4.21.0-sources.jar
2024-06-06 13:21:30,630 [Worker-8: Download sources and javadoc] INFO  o.e.m.c.i.e.AbstractTransferListenerAdapter - Downloaded https://repo.maven.apache.org/maven2/org/seleniumhq/selenium/selenium-ie-driver/4.21.0/selenium-ie-driver-4.21.0-sources.jar
2024-06-06 13:21:30,649 [Worker-8: Download sources and javadoc] INFO  o.e.m.j.internal.DownloadSourcesJob - Downloaded sources for org.seleniumhq.selenium:selenium-ie-driver:4.21.0
2024-06-06 13:21:30,733 [Worker-8: Download sources and javadoc] INFO  o.e.m.c.i.e.AbstractTransferListenerAdapter - Downloading https://repo.maven.apache.org/maven2/org/seleniumhq/selenium/selenium-remote-driver/4.21.0/selenium-remote-driver-4.21.0-sources.jar
2024-06-06 13:21:30,858 [Worker-8: Download sources and javadoc] INFO  o.e.m.c.i.e.AbstractTransferListenerAdapter - Downloaded https://repo.maven.apache.org/maven2/org/seleniumhq/selenium/selenium-remote-driver/4.21.0/selenium-remote-driver-4.21.0-sources.jar
2024-06-06 13:21:30,876 [Worker-8: Download sources and javadoc] INFO  o.e.m.j.internal.DownloadSourcesJob - Downloaded sources for org.seleniumhq.selenium:selenium-remote-driver:4.21.0
2024-06-06 13:21:30,954 [Worker-8: Download sources and javadoc] INFO  o.e.m.c.i.e.AbstractTransferListenerAdapter - Downloading https://repo.maven.apache.org/maven2/com/google/guava/guava/33.2.0-jre/guava-33.2.0-jre-sources.jar
2024-06-06 13:21:31,007 [Worker-9: Building] INFO  o.e.m.c.i.embedder.EclipseLogger - Using 'UTF-8' encoding to copy filtered resources.
2024-06-06 13:21:31,008 [Worker-9: Building] INFO  o.e.m.c.i.embedder.EclipseLogger - skip non existing resourceDirectory C:\Users\HARSHAD NIKATE\eclipse-workspace\WeekendAutomationChallenge\LetCodePractise\src\main\resources
2024-06-06 13:21:31,019 [Worker-9: Building] INFO  o.e.m.c.i.embedder.EclipseLogger - Using 'UTF-8' encoding to copy filtered resources.
2024-06-06 13:21:31,019 [Worker-9: Building] INFO  o.e.m.c.i.embedder.EclipseLogger - skip non existing resourceDirectory C:\Users\HARSHAD NIKATE\eclipse-workspace\WeekendAutomationChallenge\LetCodePractise\src\test\resources
2024-06-06 13:21:31,642 [Worker-8: Download sources and javadoc] INFO  o.e.m.c.i.e.AbstractTransferListenerAdapter - Downloaded https://repo.maven.apache.org/maven2/com/google/guava/guava/33.2.0-jre/guava-33.2.0-jre-sources.jar
2024-06-06 13:21:31,662 [Worker-8: Download sources and javadoc] INFO  o.e.m.j.internal.DownloadSourcesJob - Downloaded sources for com.google.guava:guava:33.2.0-jre
2024-06-06 13:21:31,810 [Worker-8: Download sources and javadoc] INFO  o.e.m.c.i.e.AbstractTransferListenerAdapter - Downloading https://repo.maven.apache.org/maven2/io/opentelemetry/opentelemetry-api/1.38.0/opentelemetry-api-1.38.0-sources.jar
2024-06-06 13:21:31,884 [Worker-8: Download sources and javadoc] INFO  o.e.m.c.i.e.AbstractTransferListenerAdapter - Downloaded https://repo.maven.apache.org/maven2/io/opentelemetry/opentelemetry-api/1.38.0/opentelemetry-api-1.38.0-sources.jar
2024-06-06 13:21:31,900 [Worker-8: Download sources and javadoc] INFO  o.e.m.j.internal.DownloadSourcesJob - Downloaded sources for io.opentelemetry:opentelemetry-api:1.38.0
2024-06-06 13:21:31,999 [Worker-8: Download sources and javadoc] INFO  o.e.m.c.i.e.AbstractTransferListenerAdapter - Downloading https://repo.maven.apache.org/maven2/io/opentelemetry/opentelemetry-context/1.38.0/opentelemetry-context-1.38.0-sources.jar
2024-06-06 13:21:32,058 [Worker-8: Download sources and javadoc] INFO  o.e.m.c.i.e.AbstractTransferListenerAdapter - Downloaded https://repo.maven.apache.org/maven2/io/opentelemetry/opentelemetry-context/1.38.0/opentelemetry-context-1.38.0-sources.jar
2024-06-06 13:21:32,075 [Worker-8: Download sources and javadoc] INFO  o.e.m.j.internal.DownloadSourcesJob - Downloaded sources for io.opentelemetry:opentelemetry-context:1.38.0
2024-06-06 13:21:32,365 [Worker-8: Download sources and javadoc] INFO  o.e.m.c.i.e.AbstractTransferListenerAdapter - Downloading https://repo.maven.apache.org/maven2/io/opentelemetry/opentelemetry-exporter-logging/1.38.0/opentelemetry-exporter-logging-1.38.0-sources.jar
2024-06-06 13:21:32,389 [Worker-8: Download sources and javadoc] INFO  o.e.m.c.i.e.AbstractTransferListenerAdapter - Downloaded https://repo.maven.apache.org/maven2/io/opentelemetry/opentelemetry-exporter-logging/1.38.0/opentelemetry-exporter-logging-1.38.0-sources.jar
2024-06-06 13:21:32,405 [Worker-8: Download sources and javadoc] INFO  o.e.m.j.internal.DownloadSourcesJob - Downloaded sources for io.opentelemetry:opentelemetry-exporter-logging:1.38.0
2024-06-06 13:21:32,498 [Worker-8: Download sources and javadoc] INFO  o.e.m.c.i.e.AbstractTransferListenerAdapter - Downloading https://repo.maven.apache.org/maven2/io/opentelemetry/opentelemetry-sdk-common/1.38.0/opentelemetry-sdk-common-1.38.0-sources.jar
2024-06-06 13:21:32,527 [Worker-8: Download sources and javadoc] INFO  o.e.m.c.i.e.AbstractTransferListenerAdapter - Downloaded https://repo.maven.apache.org/maven2/io/opentelemetry/opentelemetry-sdk-common/1.38.0/opentelemetry-sdk-common-1.38.0-sources.jar
2024-06-06 13:21:32,544 [Worker-8: Download sources and javadoc] INFO  o.e.m.j.internal.DownloadSourcesJob - Downloaded sources for io.opentelemetry:opentelemetry-sdk-common:1.38.0
2024-06-06 13:21:32,706 [Worker-8: Download sources and javadoc] INFO  o.e.m.c.i.e.AbstractTransferListenerAdapter - Downloading https://repo.maven.apache.org/maven2/io/opentelemetry/opentelemetry-sdk-extension-autoconfigure-spi/1.38.0/opentelemetry-sdk-extension-autoconfigure-spi-1.38.0-sources.jar
2024-06-06 13:21:32,731 [Worker-8: Download sources and javadoc] INFO  o.e.m.c.i.e.AbstractTransferListenerAdapter - Downloaded https://repo.maven.apache.org/maven2/io/opentelemetry/opentelemetry-sdk-extension-autoconfigure-spi/1.38.0/opentelemetry-sdk-extension-autoconfigure-spi-1.38.0-sources.jar
2024-06-06 13:21:32,750 [Worker-8: Download sources and javadoc] INFO  o.e.m.j.internal.DownloadSourcesJob - Downloaded sources for io.opentelemetry:opentelemetry-sdk-extension-autoconfigure-spi:1.38.0
2024-06-06 13:21:32,859 [Worker-8: Download sources and javadoc] INFO  o.e.m.c.i.e.AbstractTransferListenerAdapter - Downloading https://repo.maven.apache.org/maven2/io/opentelemetry/opentelemetry-sdk-extension-autoconfigure/1.38.0/opentelemetry-sdk-extension-autoconfigure-1.38.0-sources.jar
2024-06-06 13:21:32,884 [Worker-8: Download sources and javadoc] INFO  o.e.m.c.i.e.AbstractTransferListenerAdapter - Downloaded https://repo.maven.apache.org/maven2/io/opentelemetry/opentelemetry-sdk-extension-autoconfigure/1.38.0/opentelemetry-sdk-extension-autoconfigure-1.38.0-sources.jar
2024-06-06 13:21:32,902 [Worker-8: Download sources and javadoc] INFO  o.e.m.j.internal.DownloadSourcesJob - Downloaded sources for io.opentelemetry:opentelemetry-sdk-extension-autoconfigure:1.38.0
2024-06-06 13:21:33,056 [Worker-8: Download sources and javadoc] INFO  o.e.m.c.i.e.AbstractTransferListenerAdapter - Downloading https://repo.maven.apache.org/maven2/io/opentelemetry/opentelemetry-api-incubator/1.38.0-alpha/opentelemetry-api-incubator-1.38.0-alpha-sources.jar
2024-06-06 13:21:33,082 [Worker-8: Download sources and javadoc] INFO  o.e.m.c.i.e.AbstractTransferListenerAdapter - Downloaded https://repo.maven.apache.org/maven2/io/opentelemetry/opentelemetry-api-incubator/1.38.0-alpha/opentelemetry-api-incubator-1.38.0-alpha-sources.jar
2024-06-06 13:21:33,099 [Worker-8: Download sources and javadoc] INFO  o.e.m.j.internal.DownloadSourcesJob - Downloaded sources for io.opentelemetry:opentelemetry-api-incubator:1.38.0-alpha
2024-06-06 13:21:33,171 [Worker-8: Download sources and javadoc] INFO  o.e.m.c.i.e.AbstractTransferListenerAdapter - Downloading https://repo.maven.apache.org/maven2/io/opentelemetry/opentelemetry-sdk-trace/1.38.0/opentelemetry-sdk-trace-1.38.0-sources.jar
2024-06-06 13:21:33,230 [Worker-8: Download sources and javadoc] INFO  o.e.m.c.i.e.AbstractTransferListenerAdapter - Downloaded https://repo.maven.apache.org/maven2/io/opentelemetry/opentelemetry-sdk-trace/1.38.0/opentelemetry-sdk-trace-1.38.0-sources.jar
2024-06-06 13:21:33,247 [Worker-8: Download sources and javadoc] INFO  o.e.m.j.internal.DownloadSourcesJob - Downloaded sources for io.opentelemetry:opentelemetry-sdk-trace:1.38.0
2024-06-06 13:21:33,346 [Worker-8: Download sources and javadoc] INFO  o.e.m.c.i.e.AbstractTransferListenerAdapter - Downloading https://repo.maven.apache.org/maven2/io/opentelemetry/opentelemetry-sdk/1.38.0/opentelemetry-sdk-1.38.0-sources.jar
2024-06-06 13:21:33,369 [Worker-8: Download sources and javadoc] INFO  o.e.m.c.i.e.AbstractTransferListenerAdapter - Downloaded https://repo.maven.apache.org/maven2/io/opentelemetry/opentelemetry-sdk/1.38.0/opentelemetry-sdk-1.38.0-sources.jar
2024-06-06 13:21:33,386 [Worker-8: Download sources and javadoc] INFO  o.e.m.j.internal.DownloadSourcesJob - Downloaded sources for io.opentelemetry:opentelemetry-sdk:1.38.0
2024-06-06 13:21:33,677 [Worker-8: Download sources and javadoc] INFO  o.e.m.c.i.e.AbstractTransferListenerAdapter - Downloading https://repo.maven.apache.org/maven2/io/opentelemetry/opentelemetry-sdk-metrics/1.38.0/opentelemetry-sdk-metrics-1.38.0-sources.jar
2024-06-06 13:21:33,857 [Worker-8: Download sources and javadoc] INFO  o.e.m.c.i.e.AbstractTransferListenerAdapter - Downloaded https://repo.maven.apache.org/maven2/io/opentelemetry/opentelemetry-sdk-metrics/1.38.0/opentelemetry-sdk-metrics-1.38.0-sources.jar
2024-06-06 13:21:33,874 [Worker-8: Download sources and javadoc] INFO  o.e.m.j.internal.DownloadSourcesJob - Downloaded sources for io.opentelemetry:opentelemetry-sdk-metrics:1.38.0
2024-06-06 13:21:34,015 [Worker-8: Download sources and javadoc] INFO  o.e.m.c.i.e.AbstractTransferListenerAdapter - Downloading https://repo.maven.apache.org/maven2/io/opentelemetry/opentelemetry-sdk-logs/1.38.0/opentelemetry-sdk-logs-1.38.0-sources.jar
2024-06-06 13:21:34,040 [Worker-8: Download sources and javadoc] INFO  o.e.m.c.i.e.AbstractTransferListenerAdapter - Downloaded https://repo.maven.apache.org/maven2/io/opentelemetry/opentelemetry-sdk-logs/1.38.0/opentelemetry-sdk-logs-1.38.0-sources.jar
2024-06-06 13:21:34,056 [Worker-8: Download sources and javadoc] INFO  o.e.m.j.internal.DownloadSourcesJob - Downloaded sources for io.opentelemetry:opentelemetry-sdk-logs:1.38.0
2024-06-06 13:21:34,186 [Worker-8: Download sources and javadoc] INFO  o.e.m.c.i.e.AbstractTransferListenerAdapter - Downloading https://repo.maven.apache.org/maven2/net/bytebuddy/byte-buddy/1.14.15/byte-buddy-1.14.15-sources.jar
2024-06-06 13:21:34,888 [Worker-8: Download sources and javadoc] INFO  o.e.m.c.i.e.AbstractTransferListenerAdapter - Downloaded https://repo.maven.apache.org/maven2/net/bytebuddy/byte-buddy/1.14.15/byte-buddy-1.14.15-sources.jar
2024-06-06 13:21:34,905 [Worker-8: Download sources and javadoc] INFO  o.e.m.j.internal.DownloadSourcesJob - Downloaded sources for net.bytebuddy:byte-buddy:1.14.15
2024-06-06 13:21:34,974 [Worker-8: Download sources and javadoc] INFO  o.e.m.c.i.e.AbstractTransferListenerAdapter - Downloading https://repo.maven.apache.org/maven2/org/seleniumhq/selenium/selenium-os/4.21.0/selenium-os-4.21.0-sources.jar
2024-06-06 13:21:35,020 [Worker-8: Download sources and javadoc] INFO  o.e.m.c.i.e.AbstractTransferListenerAdapter - Downloaded https://repo.maven.apache.org/maven2/org/seleniumhq/selenium/selenium-os/4.21.0/selenium-os-4.21.0-sources.jar
2024-06-06 13:21:35,038 [Worker-8: Download sources and javadoc] INFO  o.e.m.j.internal.DownloadSourcesJob - Downloaded sources for org.seleniumhq.selenium:selenium-os:4.21.0
2024-06-06 13:21:35,289 [Worker-8: Download sources and javadoc] INFO  o.e.m.c.i.e.AbstractTransferListenerAdapter - Downloading https://repo.maven.apache.org/maven2/org/seleniumhq/selenium/selenium-safari-driver/4.21.0/selenium-safari-driver-4.21.0-sources.jar
2024-06-06 13:21:35,339 [Worker-8: Download sources and javadoc] INFO  o.e.m.c.i.e.AbstractTransferListenerAdapter - Downloaded https://repo.maven.apache.org/maven2/org/seleniumhq/selenium/selenium-safari-driver/4.21.0/selenium-safari-driver-4.21.0-sources.jar
2024-06-06 13:21:35,392 [Worker-8: Download sources and javadoc] INFO  o.e.m.j.internal.DownloadSourcesJob - Downloaded sources for org.seleniumhq.selenium:selenium-safari-driver:4.21.0
2024-06-06 13:21:35,683 [Worker-8: Download sources and javadoc] INFO  o.e.m.c.i.e.AbstractTransferListenerAdapter - Downloading https://repo.maven.apache.org/maven2/org/seleniumhq/selenium/selenium-support/4.21.0/selenium-support-4.21.0-sources.jar
2024-06-06 13:21:35,747 [Worker-8: Download sources and javadoc] INFO  o.e.m.c.i.e.AbstractTransferListenerAdapter - Downloaded https://repo.maven.apache.org/maven2/org/seleniumhq/selenium/selenium-support/4.21.0/selenium-support-4.21.0-sources.jar
2024-06-06 13:21:35,764 [Worker-8: Download sources and javadoc] INFO  o.e.m.j.internal.DownloadSourcesJob - Downloaded sources for org.seleniumhq.selenium:selenium-support:4.21.0
2024-06-06 13:22:02,214 [Worker-2: Building] INFO  o.e.m.c.i.embedder.EclipseLogger - Using 'UTF-8' encoding to copy filtered resources.
2024-06-06 13:22:02,215 [Worker-2: Building] INFO  o.e.m.c.i.embedder.EclipseLogger - skip non existing resourceDirectory C:\Users\HARSHAD NIKATE\eclipse-workspace\WeekendAutomationChallenge\LetCodePractise\src\main\resources
2024-06-06 13:22:02,224 [Worker-2: Building] INFO  o.e.m.c.i.embedder.EclipseLogger - Using 'UTF-8' encoding to copy filtered resources.
2024-06-06 13:22:02,225 [Worker-2: Building] INFO  o.e.m.c.i.embedder.EclipseLogger - skip non existing resourceDirectory C:\Users\HARSHAD NIKATE\eclipse-workspace\WeekendAutomationChallenge\LetCodePractise\src\test\resources
2024-06-06 13:25:49,548 [Worker-9: Launching AutomatingInputs] INFO  o.e.m.c.i.embedder.EclipseLogger - Using 'UTF-8' encoding to copy filtered resources.
2024-06-06 13:25:49,550 [Worker-9: Launching AutomatingInputs] INFO  o.e.m.c.i.embedder.EclipseLogger - skip non existing resourceDirectory C:\Users\HARSHAD NIKATE\eclipse-workspace\WeekendAutomationChallenge\LetCodePractise\src\main\resources
2024-06-06 13:25:49,559 [Worker-9: Launching AutomatingInputs] INFO  o.e.m.c.i.embedder.EclipseLogger - Using 'UTF-8' encoding to copy filtered resources.
2024-06-06 13:25:49,560 [Worker-9: Launching AutomatingInputs] INFO  o.e.m.c.i.embedder.EclipseLogger - skip non existing resourceDirectory C:\Users\HARSHAD NIKATE\eclipse-workspace\WeekendAutomationChallenge\LetCodePractise\src\test\resources
2024-06-06 13:35:02,607 [Worker-18: Launching AutomatingInputs] INFO  o.e.m.c.i.embedder.EclipseLogger - Using 'UTF-8' encoding to copy filtered resources.
2024-06-06 13:35:02,608 [Worker-18: Launching AutomatingInputs] INFO  o.e.m.c.i.embedder.EclipseLogger - skip non existing resourceDirectory C:\Users\HARSHAD NIKATE\eclipse-workspace\WeekendAutomationChallenge\LetCodePractise\src\main\resources
2024-06-06 13:35:02,617 [Worker-18: Launching AutomatingInputs] INFO  o.e.m.c.i.embedder.EclipseLogger - Using 'UTF-8' encoding to copy filtered resources.
2024-06-06 13:35:02,618 [Worker-18: Launching AutomatingInputs] INFO  o.e.m.c.i.embedder.EclipseLogger - skip non existing resourceDirectory C:\Users\HARSHAD NIKATE\eclipse-workspace\WeekendAutomationChallenge\LetCodePractise\src\test\resources
2024-06-06 13:44:25,936 [Worker-9: Launching AutomatingInputs] INFO  o.e.m.c.i.embedder.EclipseLogger - Using 'UTF-8' encoding to copy filtered resources.
2024-06-06 13:44:25,937 [Worker-9: Launching AutomatingInputs] INFO  o.e.m.c.i.embedder.EclipseLogger - skip non existing resourceDirectory C:\Users\HARSHAD NIKATE\eclipse-workspace\WeekendAutomationChallenge\LetCodePractise\src\main\resources
2024-06-06 13:44:25,948 [Worker-9: Launching AutomatingInputs] INFO  o.e.m.c.i.embedder.EclipseLogger - Using 'UTF-8' encoding to copy filtered resources.
2024-06-06 13:44:25,949 [Worker-9: Launching AutomatingInputs] INFO  o.e.m.c.i.embedder.EclipseLogger - skip non existing resourceDirectory C:\Users\HARSHAD NIKATE\eclipse-workspace\WeekendAutomationChallenge\LetCodePractise\src\test\resources
2024-06-07 11:42:03,512 [Worker-1: Loading available Gradle versions] INFO  o.e.b.c.i.u.g.PublishedGradleVersions - Gradle version information cache is out-of-date. Trying to update.
2024-06-07 11:43:59,841 [Worker-11: Building] INFO  o.e.m.c.i.embedder.EclipseLogger - Using 'UTF-8' encoding to copy filtered resources.
2024-06-07 11:43:59,847 [Worker-11: Building] INFO  o.e.m.c.i.embedder.EclipseLogger - skip non existing resourceDirectory C:\Users\HARSHAD NIKATE\eclipse-workspace\WeekendAutomationChallenge\LetCodePractise\src\main\resources
2024-06-07 11:43:59,900 [Worker-11: Building] INFO  o.e.m.c.i.embedder.EclipseLogger - Using 'UTF-8' encoding to copy filtered resources.
2024-06-07 11:43:59,901 [Worker-11: Building] INFO  o.e.m.c.i.embedder.EclipseLogger - skip non existing resourceDirectory C:\Users\HARSHAD NIKATE\eclipse-workspace\WeekendAutomationChallenge\LetCodePractise\src\test\resources
2024-06-07 11:49:51,004 [Worker-8: Launching AutomatingButton] INFO  o.e.m.c.i.embedder.EclipseLogger - Using 'UTF-8' encoding to copy filtered resources.
2024-06-07 11:49:51,005 [Worker-8: Launching AutomatingButton] INFO  o.e.m.c.i.embedder.EclipseLogger - skip non existing resourceDirectory C:\Users\HARSHAD NIKATE\eclipse-workspace\WeekendAutomationChallenge\LetCodePractise\src\main\resources
2024-06-07 11:49:51,046 [Worker-8: Launching AutomatingButton] INFO  o.e.m.c.i.embedder.EclipseLogger - Using 'UTF-8' encoding to copy filtered resources.
2024-06-07 11:49:51,048 [Worker-8: Launching AutomatingButton] INFO  o.e.m.c.i.embedder.EclipseLogger - skip non existing resourceDirectory C:\Users\HARSHAD NIKATE\eclipse-workspace\WeekendAutomationChallenge\LetCodePractise\src\test\resources
2024-06-07 11:50:51,369 [Worker-8: Launching AutomatingButton] INFO  o.e.m.c.i.embedder.EclipseLogger - Using 'UTF-8' encoding to copy filtered resources.
2024-06-07 11:50:51,371 [Worker-8: Launching AutomatingButton] INFO  o.e.m.c.i.embedder.EclipseLogger - skip non existing resourceDirectory C:\Users\HARSHAD NIKATE\eclipse-workspace\WeekendAutomationChallenge\LetCodePractise\src\main\resources
2024-06-07 11:50:51,389 [Worker-8: Launching AutomatingButton] INFO  o.e.m.c.i.embedder.EclipseLogger - Using 'UTF-8' encoding to copy filtered resources.
2024-06-07 11:50:51,390 [Worker-8: Launching AutomatingButton] INFO  o.e.m.c.i.embedder.EclipseLogger - skip non existing resourceDirectory C:\Users\HARSHAD NIKATE\eclipse-workspace\WeekendAutomationChallenge\LetCodePractise\src\test\resources
2024-06-07 11:54:39,888 [Worker-6: Launching AutomatingButton] INFO  o.e.m.c.i.embedder.EclipseLogger - Using 'UTF-8' encoding to copy filtered resources.
2024-06-07 11:54:39,889 [Worker-6: Launching AutomatingButton] INFO  o.e.m.c.i.embedder.EclipseLogger - skip non existing resourceDirectory C:\Users\HARSHAD NIKATE\eclipse-workspace\WeekendAutomationChallenge\LetCodePractise\src\main\resources
2024-06-07 11:54:39,900 [Worker-6: Launching AutomatingButton] INFO  o.e.m.c.i.embedder.EclipseLogger - Using 'UTF-8' encoding to copy filtered resources.
2024-06-07 11:54:39,900 [Worker-6: Launching AutomatingButton] INFO  o.e.m.c.i.embedder.EclipseLogger - skip non existing resourceDirectory C:\Users\HARSHAD NIKATE\eclipse-workspace\WeekendAutomationChallenge\LetCodePractise\src\test\resources
2024-06-07 11:59:15,827 [Worker-7: Launching AutomatingButton] INFO  o.e.m.c.i.embedder.EclipseLogger - Using 'UTF-8' encoding to copy filtered resources.
2024-06-07 11:59:15,829 [Worker-7: Launching AutomatingButton] INFO  o.e.m.c.i.embedder.EclipseLogger - skip non existing resourceDirectory C:\Users\HARSHAD NIKATE\eclipse-workspace\WeekendAutomationChallenge\LetCodePractise\src\main\resources
2024-06-07 11:59:15,841 [Worker-7: Launching AutomatingButton] INFO  o.e.m.c.i.embedder.EclipseLogger - Using 'UTF-8' encoding to copy filtered resources.
2024-06-07 11:59:15,842 [Worker-7: Launching AutomatingButton] INFO  o.e.m.c.i.embedder.EclipseLogger - skip non existing resourceDirectory C:\Users\HARSHAD NIKATE\eclipse-workspace\WeekendAutomationChallenge\LetCodePractise\src\test\resources
2024-06-07 12:07:01,624 [Worker-14: Launching AutomatingButton] INFO  o.e.m.c.i.embedder.EclipseLogger - Using 'UTF-8' encoding to copy filtered resources.
2024-06-07 12:07:01,626 [Worker-14: Launching AutomatingButton] INFO  o.e.m.c.i.embedder.EclipseLogger - skip non existing resourceDirectory C:\Users\HARSHAD NIKATE\eclipse-workspace\WeekendAutomationChallenge\LetCodePractise\src\main\resources
2024-06-07 12:07:01,643 [Worker-14: Launching AutomatingButton] INFO  o.e.m.c.i.embedder.EclipseLogger - Using 'UTF-8' encoding to copy filtered resources.
2024-06-07 12:07:01,644 [Worker-14: Launching AutomatingButton] INFO  o.e.m.c.i.embedder.EclipseLogger - skip non existing resourceDirectory C:\Users\HARSHAD NIKATE\eclipse-workspace\WeekendAutomationChallenge\LetCodePractise\src\test\resources
2024-06-07 12:08:05,188 [Worker-7: Launching AutomatingButton] INFO  o.e.m.c.i.embedder.EclipseLogger - Using 'UTF-8' encoding to copy filtered resources.
2024-06-07 12:08:05,189 [Worker-7: Launching AutomatingButton] INFO  o.e.m.c.i.embedder.EclipseLogger - skip non existing resourceDirectory C:\Users\HARSHAD NIKATE\eclipse-workspace\WeekendAutomationChallenge\LetCodePractise\src\main\resources
2024-06-07 12:08:05,199 [Worker-7: Launching AutomatingButton] INFO  o.e.m.c.i.embedder.EclipseLogger - Using 'UTF-8' encoding to copy filtered resources.
2024-06-07 12:08:05,200 [Worker-7: Launching AutomatingButton] INFO  o.e.m.c.i.embedder.EclipseLogger - skip non existing resourceDirectory C:\Users\HARSHAD NIKATE\eclipse-workspace\WeekendAutomationChallenge\LetCodePractise\src\test\resources
2024-06-07 12:12:27,758 [Worker-6: Launching AutomatingButton] INFO  o.e.m.c.i.embedder.EclipseLogger - Using 'UTF-8' encoding to copy filtered resources.
2024-06-07 12:12:27,759 [Worker-6: Launching AutomatingButton] INFO  o.e.m.c.i.embedder.EclipseLogger - skip non existing resourceDirectory C:\Users\HARSHAD NIKATE\eclipse-workspace\WeekendAutomationChallenge\LetCodePractise\src\main\resources
2024-06-07 12:12:27,769 [Worker-6: Launching AutomatingButton] INFO  o.e.m.c.i.embedder.EclipseLogger - Using 'UTF-8' encoding to copy filtered resources.
2024-06-07 12:12:27,770 [Worker-6: Launching AutomatingButton] INFO  o.e.m.c.i.embedder.EclipseLogger - skip non existing resourceDirectory C:\Users\HARSHAD NIKATE\eclipse-workspace\WeekendAutomationChallenge\LetCodePractise\src\test\resources
2024-06-07 12:21:56,730 [Worker-4: Launching AutomatingButton] INFO  o.e.m.c.i.embedder.EclipseLogger - Using 'UTF-8' encoding to copy filtered resources.
2024-06-07 12:21:56,731 [Worker-4: Launching AutomatingButton] INFO  o.e.m.c.i.embedder.EclipseLogger - skip non existing resourceDirectory C:\Users\HARSHAD NIKATE\eclipse-workspace\WeekendAutomationChallenge\LetCodePractise\src\main\resources
2024-06-07 12:21:56,741 [Worker-4: Launching AutomatingButton] INFO  o.e.m.c.i.embedder.EclipseLogger - Using 'UTF-8' encoding to copy filtered resources.
2024-06-07 12:21:56,742 [Worker-4: Launching AutomatingButton] INFO  o.e.m.c.i.embedder.EclipseLogger - skip non existing resourceDirectory C:\Users\HARSHAD NIKATE\eclipse-workspace\WeekendAutomationChallenge\LetCodePractise\src\test\resources
2024-06-07 12:39:02,899 [Worker-8: Launching AutomatingButton] INFO  o.e.m.c.i.embedder.EclipseLogger - Using 'UTF-8' encoding to copy filtered resources.
2024-06-07 12:39:02,901 [Worker-8: Launching AutomatingButton] INFO  o.e.m.c.i.embedder.EclipseLogger - skip non existing resourceDirectory C:\Users\HARSHAD NIKATE\eclipse-workspace\WeekendAutomationChallenge\LetCodePractise\src\main\resources
2024-06-07 12:39:02,922 [Worker-8: Launching AutomatingButton] INFO  o.e.m.c.i.embedder.EclipseLogger - Using 'UTF-8' encoding to copy filtered resources.
2024-06-07 12:39:02,924 [Worker-8: Launching AutomatingButton] INFO  o.e.m.c.i.embedder.EclipseLogger - skip non existing resourceDirectory C:\Users\HARSHAD NIKATE\eclipse-workspace\WeekendAutomationChallenge\LetCodePractise\src\test\resources
2024-06-07 12:41:41,972 [Worker-7: Launching AutomatingButton] INFO  o.e.m.c.i.embedder.EclipseLogger - Using 'UTF-8' encoding to copy filtered resources.
2024-06-07 12:41:41,975 [Worker-7: Launching AutomatingButton] INFO  o.e.m.c.i.embedder.EclipseLogger - skip non existing resourceDirectory C:\Users\HARSHAD NIKATE\eclipse-workspace\WeekendAutomationChallenge\LetCodePractise\src\main\resources
2024-06-07 12:41:41,990 [Worker-7: Launching AutomatingButton] INFO  o.e.m.c.i.embedder.EclipseLogger - Using 'UTF-8' encoding to copy filtered resources.
2024-06-07 12:41:41,991 [Worker-7: Launching AutomatingButton] INFO  o.e.m.c.i.embedder.EclipseLogger - skip non existing resourceDirectory C:\Users\HARSHAD NIKATE\eclipse-workspace\WeekendAutomationChallenge\LetCodePractise\src\test\resources
2024-06-07 12:46:05,792 [Worker-7: Launching AutomatingButton] INFO  o.e.m.c.i.embedder.EclipseLogger - Using 'UTF-8' encoding to copy filtered resources.
2024-06-07 12:46:05,794 [Worker-7: Launching AutomatingButton] INFO  o.e.m.c.i.embedder.EclipseLogger - skip non existing resourceDirectory C:\Users\HARSHAD NIKATE\eclipse-workspace\WeekendAutomationChallenge\LetCodePractise\src\main\resources
2024-06-07 12:46:05,803 [Worker-7: Launching AutomatingButton] INFO  o.e.m.c.i.embedder.EclipseLogger - Using 'UTF-8' encoding to copy filtered resources.
2024-06-07 12:46:05,803 [Worker-7: Launching AutomatingButton] INFO  o.e.m.c.i.embedder.EclipseLogger - skip non existing resourceDirectory C:\Users\HARSHAD NIKATE\eclipse-workspace\WeekendAutomationChallenge\LetCodePractise\src\test\resources
2024-06-08 12:06:10,245 [Worker-1: Loading available Gradle versions] INFO  o.e.b.c.i.u.g.PublishedGradleVersions - Gradle version information cache is out-of-date. Trying to update.
2024-06-08 12:07:55,594 [Worker-0: Building] INFO  o.e.m.c.i.embedder.EclipseLogger - Using 'UTF-8' encoding to copy filtered resources.
2024-06-08 12:07:55,604 [Worker-0: Building] INFO  o.e.m.c.i.embedder.EclipseLogger - skip non existing resourceDirectory C:\Users\HARSHAD NIKATE\eclipse-workspace\WeekendAutomationChallenge\LetCodePractise\src\main\resources
2024-06-08 12:07:55,625 [Worker-0: Building] INFO  o.e.m.c.i.embedder.EclipseLogger - Using 'UTF-8' encoding to copy filtered resources.
2024-06-08 12:07:55,626 [Worker-0: Building] INFO  o.e.m.c.i.embedder.EclipseLogger - skip non existing resourceDirectory C:\Users\HARSHAD NIKATE\eclipse-workspace\WeekendAutomationChallenge\LetCodePractise\src\test\resources
2024-06-08 12:14:52,552 [Worker-6: Launching AutomatingWindows] INFO  o.e.m.c.i.embedder.EclipseLogger - Using 'UTF-8' encoding to copy filtered resources.
2024-06-08 12:14:52,553 [Worker-6: Launching AutomatingWindows] INFO  o.e.m.c.i.embedder.EclipseLogger - skip non existing resourceDirectory C:\Users\HARSHAD NIKATE\eclipse-workspace\WeekendAutomationChallenge\LetCodePractise\src\main\resources
2024-06-08 12:14:52,598 [Worker-6: Launching AutomatingWindows] INFO  o.e.m.c.i.embedder.EclipseLogger - Using 'UTF-8' encoding to copy filtered resources.
2024-06-08 12:14:52,599 [Worker-6: Launching AutomatingWindows] INFO  o.e.m.c.i.embedder.EclipseLogger - skip non existing resourceDirectory C:\Users\HARSHAD NIKATE\eclipse-workspace\WeekendAutomationChallenge\LetCodePractise\src\test\resources
